<?xml version="1.0" encoding="UTF-8"?>
<testsuite xmlns:xsi="http://www.w3.org/2001/XMLSchema-instance" xsi:noNamespaceSchemaLocation="https://maven.apache.org/surefire/maven-failsafe-plugin/xsd/failsafe-test-report-3.0.xsd" version="3.0" name="starter.cucumberTestSuite" time="22.588" tests="1" errors="0" skipped="0" failures="0">
  <properties>
[...]
</properties>
  <testcase name="Registration scenario" classname="Registration" time="17.711">
    <system-out><![CDATA[03:49:53.517 [main] INFO io.cucumber.core.plugin.SerenityReporter - Running feature from file:///D:/PERKULIAHAN/Semester%206,Hebatt%20glad!/orisoft-QA-Gladys_Cindana_Pardosi/Automation-test-QA_INTERN/src/test/resources/features/register.feature
03:49:53.750 [main] INFO  - 

-------------------------------------------------------------------------------------
     _______. _______ .______       _______ .__   __.  __  .___________.____    ____ 
    /       ||   ____||   _  \     |   ____||  \ |  | |  | |           |\   \  /   / 
   |   (----`|  |__   |  |_)  |    |  |__   |   \|  | |  | `---|  |----` \   \/   /  
    \   \    |   __|  |      /     |   __|  |  . `  | |  |     |  |       \_    _/   
.----)   |   |  |____ |  |\  \----.|  |____ |  |\   | |  |     |  |         |  |     
|_______/    |_______|| _| `._____||_______||__| \__| |__|     |__|         |__|    
                                                                                     
 News and tutorials at http://www.serenity-bdd.info                                  
 Documentation at https://wakaleo.gitbooks.io/the-serenity-book/content/             
 Join the Serenity Community on Gitter: https://gitter.im/serenity-bdd/serenity-core 
 Serenity BDD Support and Training at http://serenity-bdd.info/#/trainingandsupport  
-------------------------------------------------------------------------------------

03:49:53.753 [main] DEBUG net.thucydides.core.steps.StepEventBus - Test suite started for story net.thucydides.core.model.Story@9f729512
03:49:53.758 [main] INFO  - Test Suite Started: Registration
03:49:53.771 [main] INFO io.cucumber.core.plugin.SerenityReporter - Running feature from file:///D:/PERKULIAHAN/Semester%206,Hebatt%20glad!/orisoft-QA-Gladys_Cindana_Pardosi/Automation-test-QA_INTERN/src/test/resources/features/register.feature
03:49:53.774 [main] DEBUG net.thucydides.core.steps.StepEventBus - Test suite started for story net.thucydides.core.model.Story@9f729512
03:49:53.775 [main] INFO  - Test Suite Started: Registration

@register
Scenario Outline: Registration scenario                                                       &amp#27;[90m# src/test/resources/features/register.feature:20&amp#27;[0m
03:49:53.876 [main] INFO io.cucumber.core.plugin.SerenityReporter - Running feature from file:///D:/PERKULIAHAN/Semester%206,Hebatt%20glad!/orisoft-QA-Gladys_Cindana_Pardosi/Automation-test-QA_INTERN/src/test/resources/features/register.feature
03:49:53.995 [main] INFO  - 
  _____   ___   ___   _____     ___   _____     _     ___   _____   ___   ___  
 |_   _| | __| / __| |_   _|   / __| |_   _|   /_\   | _ \ |_   _| | __| |   \ 
   | |   | _|  \__ \   | |     \__ \   | |    / _ \  |   /   | |   | _|  | |) |
   |_|   |___| |___/   |_|     |___/   |_|   /_/ \_\ |_|_\   |_|   |___| |___/ 

Registration scenario(registration;registration-scenario)
--------------------------------------------------------------------------------
03:49:54.322 [main] INFO net.serenitybdd.core.webdriver.driverproviders.ChromeDriverProvider - Using automatically driver download
03:49:55.145 [main] DEBUG io.github.bonigarcia.wdm.cache.ResolutionCache - Resolution chrome=103 in cache (valid until 04:28:29 18/07/2022 WIB)
03:49:55.157 [main] DEBUG io.github.bonigarcia.wdm.cache.ResolutionCache - Resolution chrome103=103.0.5060.53 in cache (valid until 03:28:29 19/07/2022 WIB)
03:49:55.163 [main] INFO io.github.bonigarcia.wdm.WebDriverManager - Using chromedriver 103.0.5060.53 (resolved driver for Chrome 103)
03:49:55.193 [main] DEBUG io.github.bonigarcia.wdm.WebDriverManager - Driver chromedriver 103.0.5060.53 found in cache
03:49:55.194 [main] INFO io.github.bonigarcia.wdm.WebDriverManager - Exporting webdriver.chrome.driver as C:\Users\ASUS\.cache\selenium\chromedriver\win32\103.0.5060.53\chromedriver.exe
03:49:55.856 [main] DEBUG net.thucydides.core.reflection.ClassFinder - Could not load class .starter.cucumberTestSuite
03:49:55.857 [main] DEBUG net.thucydides.core.reflection.ClassFinder - Could not load class .starter.pages.HomePage
03:49:55.857 [main] DEBUG net.thucydides.core.reflection.ClassFinder - Could not load class .starter.stepdefinitions.registration
03:49:55.857 [main] DEBUG net.thucydides.core.reflection.ClassFinder - Could not load class .util.General
03:49:55.858 [main] DEBUG net.thucydides.core.reflection.ClassFinder - Could not load class META-INF.versions.9.com.sun.istack.logging.StackHelper
03:49:55.858 [main] DEBUG net.thucydides.core.reflection.ClassFinder - Could not load class META-INF.versions.9.com.sun.xml.bind.v2.runtime.reflect.opt.AccessorInjector
03:49:55.859 [main] DEBUG net.thucydides.core.reflection.ClassFinder - Could not load class META-INF.versions.9.com.sun.xml.bind.v2.runtime.reflect.opt.Injector
03:49:55.859 [main] DEBUG net.thucydides.core.reflection.ClassFinder - Could not load class META-INF.versions.9.com.sun.xml.bind.v2.runtime.reflect.opt.OptimizedAccessorFactory
03:49:55.859 [main] DEBUG net.thucydides.core.reflection.ClassFinder - Could not load class META-INF.versions.9.com.sun.xml.bind.v2.runtime.reflect.opt.OptimizedTransducedAccessorFactory
03:49:55.860 [main] DEBUG net.thucydides.core.reflection.ClassFinder - Could not load class META-INF.versions.9.io.opentelemetry.sdk.internal.CurrentJavaVersionSpecific
03:49:55.860 [main] DEBUG net.thucydides.core.reflection.ClassFinder - Could not load class META-INF.versions.9.io.opentelemetry.sdk.internal.Java9VersionSpecific
03:49:55.861 [main] DEBUG net.thucydides.core.reflection.ClassFinder - Could not load class META-INF.versions.9.javax.xml.bind.ModuleUtil
03:49:55.861 [main] DEBUG net.thucydides.core.reflection.ClassFinder - Could not load class META-INF.versions.9.module-info
03:49:55.862 [main] DEBUG net.thucydides.core.reflection.ClassFinder - Could not load class META-INF.versions.9.org.junit.platform.commons.util.ModuleUtils
03:49:56.199 [main] DEBUG net.thucydides.core.reflection.ClassFinder - Could not load class com.google.gson.internal.
03:49:56.397 [main] DEBUG net.thucydides.core.reflection.ClassFinder - Could not load class com.sun.xml.bind.v2.runtime.output.FastInfosetStreamWriterOutput
03:49:56.919 [main] DEBUG net.thucydides.core.reflection.ClassFinder - Could not load class module-info
03:49:59.964 [main] DEBUG io.netty.util.internal.logging.InternalLoggerFactory - Using SLF4J as the default logging framework
03:49:59.966 [main] DEBUG io.netty.util.ResourceLeakDetector - -Dio.netty.leakDetection.level: simple
03:49:59.966 [main] DEBUG io.netty.util.ResourceLeakDetector - -Dio.netty.leakDetection.targetRecords: 4
03:49:59.970 [main] DEBUG io.netty.util.ResourceLeakDetectorFactory - Loaded default ResourceLeakDetector: io.netty.util.ResourceLeakDetector@a6e0e5f
03:49:59.989 [main] DEBUG io.netty.util.internal.PlatformDependent0 - -Dio.netty.noUnsafe: false
03:49:59.989 [main] DEBUG io.netty.util.internal.PlatformDependent0 - Java version: 15
03:49:59.990 [main] DEBUG io.netty.util.internal.PlatformDependent0 - sun.misc.Unsafe.theUnsafe: available
03:49:59.991 [main] DEBUG io.netty.util.internal.PlatformDependent0 - sun.misc.Unsafe.copyMemory: available
03:49:59.991 [main] DEBUG io.netty.util.internal.PlatformDependent0 - java.nio.Buffer.address: available
03:49:59.991 [main] DEBUG io.netty.util.internal.PlatformDependent0 - direct buffer constructor: unavailable: Reflective setAccessible(true) disabled
03:49:59.992 [main] DEBUG io.netty.util.internal.PlatformDependent0 - java.nio.Bits.unaligned: available, true
03:49:59.993 [main] DEBUG io.netty.util.internal.PlatformDependent0 - jdk.internal.misc.Unsafe.allocateUninitializedArray(int): unavailable: class io.netty.util.internal.PlatformDependent0$6 cannot access class jdk.internal.misc.Unsafe (in module java.base) because module java.base does not export jdk.internal.misc to unnamed module @6c4f9535
03:49:59.994 [main] DEBUG io.netty.util.internal.PlatformDependent0 - java.nio.DirectByteBuffer.<init>(long, int): unavailable
03:49:59.994 [main] DEBUG io.netty.util.internal.PlatformDependent - sun.misc.Unsafe: available
03:49:59.996 [main] DEBUG io.netty.util.internal.PlatformDependent - maxDirectMemory: 2671771648 bytes (maybe)
03:49:59.997 [main] DEBUG io.netty.util.internal.PlatformDependent - -Dio.netty.tmpdir: C:\Users\ASUS\AppData\Local\Temp (java.io.tmpdir)
03:49:59.997 [main] DEBUG io.netty.util.internal.PlatformDependent - -Dio.netty.bitMode: 64 (sun.arch.data.model)
03:49:59.997 [main] DEBUG io.netty.util.internal.PlatformDependent - Platform: Windows
03:49:59.998 [main] DEBUG io.netty.util.internal.PlatformDependent - -Dio.netty.maxDirectMemory: -1 bytes
03:49:59.998 [main] DEBUG io.netty.util.internal.PlatformDependent - -Dio.netty.uninitializedArrayAllocationThreshold: -1
03:49:59.999 [main] DEBUG io.netty.util.internal.CleanerJava9 - java.nio.ByteBuffer.cleaner(): available
03:50:00.000 [main] DEBUG io.netty.util.internal.PlatformDependent - -Dio.netty.noPreferDirect: false
03:50:00.007 [main] DEBUG io.netty.util.internal.PlatformDependent - org.jctools-core.MpscChunkedArrayQueue: available
03:50:00.035 [main] DEBUG io.netty.util.internal.InternalThreadLocalMap - -Dio.netty.threadLocalMap.stringBuilder.initialSize: 1024
03:50:00.035 [main] DEBUG io.netty.util.internal.InternalThreadLocalMap - -Dio.netty.threadLocalMap.stringBuilder.maxSize: 4096
03:50:00.091 [main] DEBUG io.netty.handler.ssl.JdkSslContext - Default protocols (JDK): [TLSv1.3, TLSv1.2, TLSv1.1, TLSv1] 
03:50:00.091 [main] DEBUG io.netty.handler.ssl.JdkSslContext - Default cipher suites (JDK): [TLS_ECDHE_ECDSA_WITH_AES_256_GCM_SHA384, TLS_ECDHE_ECDSA_WITH_AES_128_GCM_SHA256, TLS_ECDHE_RSA_WITH_AES_128_GCM_SHA256, TLS_ECDHE_RSA_WITH_AES_256_GCM_SHA384, TLS_ECDHE_RSA_WITH_AES_128_CBC_SHA, TLS_ECDHE_RSA_WITH_AES_256_CBC_SHA, TLS_RSA_WITH_AES_128_GCM_SHA256, TLS_RSA_WITH_AES_128_CBC_SHA, TLS_RSA_WITH_AES_256_CBC_SHA, TLS_AES_128_GCM_SHA256, TLS_AES_256_GCM_SHA384]
03:50:00.118 [main] DEBUG io.netty.channel.MultithreadEventLoopGroup - -Dio.netty.eventLoopThreads: 16
03:50:00.128 [main] DEBUG io.netty.channel.nio.NioEventLoop - -Dio.netty.noKeySetOptimization: false
03:50:00.128 [main] DEBUG io.netty.channel.nio.NioEventLoop - -Dio.netty.selectorAutoRebuildThreshold: 512
03:50:00.176 [main] DEBUG io.netty.buffer.PooledByteBufAllocator - -Dio.netty.allocator.numHeapArenas: 16
03:50:00.176 [main] DEBUG io.netty.buffer.PooledByteBufAllocator - -Dio.netty.allocator.numDirectArenas: 16
03:50:00.176 [main] DEBUG io.netty.buffer.PooledByteBufAllocator - -Dio.netty.allocator.pageSize: 8192
03:50:00.176 [main] DEBUG io.netty.buffer.PooledByteBufAllocator - -Dio.netty.allocator.maxOrder: 11
03:50:00.176 [main] DEBUG io.netty.buffer.PooledByteBufAllocator - -Dio.netty.allocator.chunkSize: 16777216
03:50:00.176 [main] DEBUG io.netty.buffer.PooledByteBufAllocator - -Dio.netty.allocator.smallCacheSize: 256
03:50:00.176 [main] DEBUG io.netty.buffer.PooledByteBufAllocator - -Dio.netty.allocator.normalCacheSize: 64
03:50:00.176 [main] DEBUG io.netty.buffer.PooledByteBufAllocator - -Dio.netty.allocator.maxCachedBufferCapacity: 32768
03:50:00.176 [main] DEBUG io.netty.buffer.PooledByteBufAllocator - -Dio.netty.allocator.cacheTrimInterval: 8192
03:50:00.176 [main] DEBUG io.netty.buffer.PooledByteBufAllocator - -Dio.netty.allocator.cacheTrimIntervalMillis: 0
03:50:00.176 [main] DEBUG io.netty.buffer.PooledByteBufAllocator - -Dio.netty.allocator.useCacheForAllThreads: true
03:50:00.176 [main] DEBUG io.netty.buffer.PooledByteBufAllocator - -Dio.netty.allocator.maxCachedByteBuffersPerChunk: 1023
03:50:00.185 [main] DEBUG io.netty.buffer.ByteBufUtil - -Dio.netty.allocator.type: pooled
03:50:00.185 [main] DEBUG io.netty.buffer.ByteBufUtil - -Dio.netty.threadLocalDirectBufferSize: 0
03:50:00.185 [main] DEBUG io.netty.buffer.ByteBufUtil - -Dio.netty.maxThreadLocalCharBufferSize: 16384
03:50:00.365 [main] DEBUG net.serenitybdd.core.webdriver.driverproviders.ProvideNewDriver - Instantiating driver
03:50:00.366 [main] DEBUG net.serenitybdd.core.webdriver.driverproviders.ProvideNewDriver - Driver capabilities: Capabilities {acceptInsecureCerts: false, base.url: https://rahulshettyacademy...., browserName: chrome, chrome.driver: src/test/resources/webdrive..., driver: chrome, goog:chromeOptions: {args: [], extensions: []}}
03:50:01.100 [Forwarding newSession on session null to remote] DEBUG io.netty.channel.DefaultChannelId - -Dio.netty.processId: 39252 (auto-detected)
03:50:01.102 [Forwarding newSession on session null to remote] DEBUG io.netty.util.NetUtil - -Djava.net.preferIPv4Stack: false
03:50:01.102 [Forwarding newSession on session null to remote] DEBUG io.netty.util.NetUtil - -Djava.net.preferIPv6Addresses: false
03:50:01.112 [Forwarding newSession on session null to remote] DEBUG io.netty.util.NetUtilInitializations - Loopback interface: lo (Software Loopback Interface 1, 127.0.0.1)
03:50:01.113 [Forwarding newSession on session null to remote] DEBUG io.netty.util.NetUtil - Failed to get SOMAXCONN from sysctl and file \proc\sys\net\core\somaxconn. Default: 200
03:50:01.146 [Forwarding newSession on session null to remote] DEBUG io.netty.channel.DefaultChannelId - -Dio.netty.machineId: 04:ea:56:ff:fe:54:1b:1d (auto-detected)
03:50:01.193 [AsyncHttpClient-1-2] DEBUG io.netty.buffer.AbstractByteBuf - -Dio.netty.buffer.checkAccessible: true
03:50:01.193 [AsyncHttpClient-1-2] DEBUG io.netty.buffer.AbstractByteBuf - -Dio.netty.buffer.checkBounds: true
03:50:01.193 [AsyncHttpClient-1-2] DEBUG io.netty.util.ResourceLeakDetectorFactory - Loaded default ResourceLeakDetector: io.netty.util.ResourceLeakDetector@f97cf9d
03:50:01.208 [AsyncHttpClient-1-2] DEBUG org.asynchttpclient.netty.channel.NettyConnectListener - Using new Channel '[id: 0x33980454, L:/127.0.0.1:63786 - R:localhost/127.0.0.1:56384]' for 'POST' to '/session'
03:50:01.230 [AsyncHttpClient-1-2] DEBUG io.netty.util.Recycler - -Dio.netty.recycler.maxCapacityPerThread: 4096
03:50:01.230 [AsyncHttpClient-1-2] DEBUG io.netty.util.Recycler - -Dio.netty.recycler.ratio: 8
03:50:01.230 [AsyncHttpClient-1-2] DEBUG io.netty.util.Recycler - -Dio.netty.recycler.chunkSize: 32
03:50:01.230 [AsyncHttpClient-1-2] DEBUG io.netty.util.Recycler - -Dio.netty.recycler.blocking: false
03:50:02.191 [AsyncHttpClient-1-2] DEBUG io.netty.handler.codec.compression.Brotli - brotli4j not in the classpath; Brotli support will be unavailable.
03:50:02.191 [AsyncHttpClient-1-2] DEBUG org.asynchttpclient.netty.handler.HttpHandler - 

Request DefaultHttpRequest(decodeResult: success, version: HTTP/1.1)
POST /session HTTP/1.1
User-Agent: selenium/4.1.2 (java windows)
Content-Length: 638
Content-Type: application/json; charset=utf-8
host: localhost:56384
accept: */*

Response DefaultHttpResponse(decodeResult: success, version: HTTP/1.1)
HTTP/1.1 200 OK
Content-Type: application/json; charset=utf-8
cache-control: no-cache
content-length: 790

03:50:02.197 [AsyncHttpClient-1-2] DEBUG org.asynchttpclient.netty.channel.ChannelManager - Adding key: http://localhost:56384 for channel [id: 0x33980454, L:/127.0.0.1:63786 - R:localhost/127.0.0.1:56384]
03:50:02.215 [AsyncHttpClient-1-1] DEBUG org.asynchttpclient.netty.channel.DefaultChannelPool - Entry count for : http://localhost:56384 : 1
03:50:02.354 [AsyncHttpClient-1-3] DEBUG org.asynchttpclient.netty.channel.NettyConnectListener - Using new Channel '[id: 0x8638c74c, L:/127.0.0.1:63796 - R:localhost/127.0.0.1:63788]' for 'GET' to '/json/version'
03:50:02.366 [AsyncHttpClient-1-3] DEBUG org.asynchttpclient.netty.handler.HttpHandler - 

Request DefaultFullHttpRequest(decodeResult: success, version: HTTP/1.1, content: EmptyByteBufBE)
GET /json/version HTTP/1.1
User-Agent: selenium/4.1.2 (java windows)
host: localhost:63788
accept: */*

Response DefaultHttpResponse(decodeResult: success, version: HTTP/1.1)
HTTP/1.1 200 OK
Content-Type: application/json; charset=UTF-8
content-length: 429

03:50:02.367 [AsyncHttpClient-1-3] DEBUG org.asynchttpclient.netty.channel.ChannelManager - Adding key: http://localhost:63788 for channel [id: 0x8638c74c, L:/127.0.0.1:63796 - R:localhost/127.0.0.1:63788]
03:50:02.381 [main] DEBUG io.netty.util.internal.ThreadLocalRandom - -Dio.netty.initialSeedUniquifier: 0xa867dfeda0e79d7b
03:50:02.403 [AsyncHttpClient-1-4] DEBUG org.asynchttpclient.netty.channel.NettyConnectListener - Using new Channel '[id: 0x0f55a425, L:/127.0.0.1:63797 - R:localhost/127.0.0.1:63788]' for 'GET' to '/devtools/browser/37e645e8-2129-4533-ac87-12c670e161a1'
03:50:02.416 [AsyncHttpClient-1-4] DEBUG org.asynchttpclient.netty.handler.WebSocketHandler - 

Request DefaultFullHttpRequest(decodeResult: success, version: HTTP/1.1, content: EmptyByteBufBE)
GET /devtools/browser/37e645e8-2129-4533-ac87-12c670e161a1 HTTP/1.1
upgrade: websocket
connection: upgrade
sec-websocket-key: 03wgSmnTDtcypgvWXGDTzw==
sec-websocket-version: 13
origin: http://localhost:63788
host: localhost:63788
accept: */*
user-agent: AHC/2.1

Response DefaultHttpResponse(decodeResult: success, version: HTTP/1.1)
HTTP/1.1 101 WebSocket Protocol Handshake
Upgrade: WebSocket
Connection: Upgrade
Sec-WebSocket-Accept: j9WdRt+KwEu9ZeUG0izdHdH45Jk=

03:50:02.469 [Forwarding maximizeCurrentWindow on session 56cfb3fe269e9944e89038a7668c5403 to remote] DEBUG org.asynchttpclient.netty.request.NettyRequestSender - Using pooled Channel '[id: 0x33980454, L:/127.0.0.1:63786 - R:localhost/127.0.0.1:56384]' for 'POST' to 'http://localhost:56384/session/56cfb3fe269e9944e89038a7668c5403/window/maximize'
03:50:02.469 [Forwarding maximizeCurrentWindow on session 56cfb3fe269e9944e89038a7668c5403 to remote] DEBUG org.asynchttpclient.netty.request.NettyRequestSender - Using open Channel [id: 0x33980454, L:/127.0.0.1:63786 - R:localhost/127.0.0.1:56384] for POST '/session/56cfb3fe269e9944e89038a7668c5403/window/maximize'
03:50:02.603 [AsyncHttpClient-1-2] DEBUG org.asynchttpclient.netty.handler.HttpHandler - 

Request DefaultHttpRequest(decodeResult: success, version: HTTP/1.1)
POST /session/56cfb3fe269e9944e89038a7668c5403/window/maximize HTTP/1.1
User-Agent: selenium/4.1.2 (java windows)
Content-Length: 3
Content-Type: application/json; charset=utf-8
host: localhost:56384
accept: */*

Response DefaultHttpResponse(decodeResult: success, version: HTTP/1.1)
HTTP/1.1 200 OK
Content-Type: application/json; charset=utf-8
cache-control: no-cache
content-length: 51

03:50:02.604 [AsyncHttpClient-1-2] DEBUG org.asynchttpclient.netty.channel.ChannelManager - Adding key: http://localhost:56384 for channel [id: 0x33980454, L:/127.0.0.1:63786 - R:localhost/127.0.0.1:56384]
03:50:03.205 [main] DEBUG net.thucydides.core.reflection.ClassFinder - Could not load class .starter.cucumberTestSuite
03:50:03.206 [main] DEBUG net.thucydides.core.reflection.ClassFinder - Could not load class .starter.pages.HomePage
03:50:03.206 [main] DEBUG net.thucydides.core.reflection.ClassFinder - Could not load class .starter.stepdefinitions.registration
03:50:03.206 [main] DEBUG net.thucydides.core.reflection.ClassFinder - Could not load class .util.General
03:50:03.206 [main] DEBUG net.thucydides.core.reflection.ClassFinder - Could not load class META-INF.versions.9.com.sun.istack.logging.StackHelper
03:50:03.207 [main] DEBUG net.thucydides.core.reflection.ClassFinder - Could not load class META-INF.versions.9.com.sun.xml.bind.v2.runtime.reflect.opt.AccessorInjector
03:50:03.207 [main] DEBUG net.thucydides.core.reflection.ClassFinder - Could not load class META-INF.versions.9.com.sun.xml.bind.v2.runtime.reflect.opt.Injector
03:50:03.207 [main] DEBUG net.thucydides.core.reflection.ClassFinder - Could not load class META-INF.versions.9.com.sun.xml.bind.v2.runtime.reflect.opt.OptimizedAccessorFactory
03:50:03.207 [main] DEBUG net.thucydides.core.reflection.ClassFinder - Could not load class META-INF.versions.9.com.sun.xml.bind.v2.runtime.reflect.opt.OptimizedTransducedAccessorFactory
03:50:03.207 [main] DEBUG net.thucydides.core.reflection.ClassFinder - Could not load class META-INF.versions.9.io.opentelemetry.sdk.internal.CurrentJavaVersionSpecific
03:50:03.208 [main] DEBUG net.thucydides.core.reflection.ClassFinder - Could not load class META-INF.versions.9.io.opentelemetry.sdk.internal.Java9VersionSpecific
03:50:03.208 [main] DEBUG net.thucydides.core.reflection.ClassFinder - Could not load class META-INF.versions.9.javax.xml.bind.ModuleUtil
03:50:03.208 [main] DEBUG net.thucydides.core.reflection.ClassFinder - Could not load class META-INF.versions.9.module-info
03:50:03.209 [main] DEBUG net.thucydides.core.reflection.ClassFinder - Could not load class META-INF.versions.9.org.junit.platform.commons.util.ModuleUtils
03:50:03.211 [main] DEBUG net.thucydides.core.reflection.ClassFinder - Could not load class com.google.gson.internal.
03:50:03.212 [main] DEBUG net.thucydides.core.reflection.ClassFinder - Could not load class com.sun.xml.bind.v2.runtime.output.FastInfosetStreamWriterOutput
03:50:03.215 [main] DEBUG net.thucydides.core.reflection.ClassFinder - Could not load class module-info
03:50:03.233 [Forwarding get on session 56cfb3fe269e9944e89038a7668c5403 to remote] DEBUG org.asynchttpclient.netty.request.NettyRequestSender - Using pooled Channel '[id: 0x33980454, L:/127.0.0.1:63786 - R:localhost/127.0.0.1:56384]' for 'POST' to 'http://localhost:56384/session/56cfb3fe269e9944e89038a7668c5403/url'
03:50:03.234 [Forwarding get on session 56cfb3fe269e9944e89038a7668c5403 to remote] DEBUG org.asynchttpclient.netty.request.NettyRequestSender - Using open Channel [id: 0x33980454, L:/127.0.0.1:63786 - R:localhost/127.0.0.1:56384] for POST '/session/56cfb3fe269e9944e89038a7668c5403/url'
03:50:03.312 [AsyncHttpClient-1-1] DEBUG org.asynchttpclient.netty.channel.DefaultChannelPool - Entry count for : http://localhost:63788 : 1
03:50:04.418 [AsyncHttpClient-1-1] DEBUG org.asynchttpclient.netty.channel.DefaultChannelPool - Entry count for : http://localhost:63788 : 1
03:50:05.517 [AsyncHttpClient-1-1] DEBUG org.asynchttpclient.netty.channel.DefaultChannelPool - Entry count for : http://localhost:63788 : 1
03:50:06.614 [AsyncHttpClient-1-1] DEBUG org.asynchttpclient.netty.channel.DefaultChannelPool - Entry count for : http://localhost:63788 : 1
03:50:07.397 [AsyncHttpClient-1-2] DEBUG org.asynchttpclient.netty.handler.HttpHandler - 

Request DefaultHttpRequest(decodeResult: success, version: HTTP/1.1)
POST /session/56cfb3fe269e9944e89038a7668c5403/url HTTP/1.1
User-Agent: selenium/4.1.2 (java windows)
Content-Length: 82
Content-Type: application/json; charset=utf-8
host: localhost:56384
accept: */*

Response DefaultHttpResponse(decodeResult: success, version: HTTP/1.1)
HTTP/1.1 200 OK
Content-Type: application/json; charset=utf-8
cache-control: no-cache
content-length: 14

03:50:07.398 [AsyncHttpClient-1-2] DEBUG org.asynchttpclient.netty.channel.ChannelManager - Adding key: http://localhost:56384 for channel [id: 0x33980454, L:/127.0.0.1:63786 - R:localhost/127.0.0.1:56384]
03:50:07.405 [Forwarding setTimeout on session 56cfb3fe269e9944e89038a7668c5403 to remote] DEBUG org.asynchttpclient.netty.request.NettyRequestSender - Using pooled Channel '[id: 0x33980454, L:/127.0.0.1:63786 - R:localhost/127.0.0.1:56384]' for 'POST' to 'http://localhost:56384/session/56cfb3fe269e9944e89038a7668c5403/timeouts'
03:50:07.405 [Forwarding setTimeout on session 56cfb3fe269e9944e89038a7668c5403 to remote] DEBUG org.asynchttpclient.netty.request.NettyRequestSender - Using open Channel [id: 0x33980454, L:/127.0.0.1:63786 - R:localhost/127.0.0.1:56384] for POST '/session/56cfb3fe269e9944e89038a7668c5403/timeouts'
03:50:07.407 [AsyncHttpClient-1-2] DEBUG org.asynchttpclient.netty.handler.HttpHandler - 

Request DefaultHttpRequest(decodeResult: success, version: HTTP/1.1)
POST /session/56cfb3fe269e9944e89038a7668c5403/timeouts HTTP/1.1
User-Agent: selenium/4.1.2 (java windows)
Content-Length: 22
Content-Type: application/json; charset=utf-8
host: localhost:56384
accept: */*

Response DefaultHttpResponse(decodeResult: success, version: HTTP/1.1)
HTTP/1.1 200 OK
Content-Type: application/json; charset=utf-8
cache-control: no-cache
content-length: 14

03:50:07.408 [AsyncHttpClient-1-2] DEBUG org.asynchttpclient.netty.channel.ChannelManager - Adding key: http://localhost:56384 for channel [id: 0x33980454, L:/127.0.0.1:63786 - R:localhost/127.0.0.1:56384]
03:50:07.415 [Forwarding getCurrentUrl on session 56cfb3fe269e9944e89038a7668c5403 to remote] DEBUG org.asynchttpclient.netty.request.NettyRequestSender - Using pooled Channel '[id: 0x33980454, L:/127.0.0.1:63786 - R:localhost/127.0.0.1:56384]' for 'GET' to 'http://localhost:56384/session/56cfb3fe269e9944e89038a7668c5403/url'
03:50:07.415 [Forwarding getCurrentUrl on session 56cfb3fe269e9944e89038a7668c5403 to remote] DEBUG org.asynchttpclient.netty.request.NettyRequestSender - Using open Channel [id: 0x33980454, L:/127.0.0.1:63786 - R:localhost/127.0.0.1:56384] for GET '/session/56cfb3fe269e9944e89038a7668c5403/url'
03:50:07.422 [AsyncHttpClient-1-2] DEBUG org.asynchttpclient.netty.handler.HttpHandler - 

Request DefaultFullHttpRequest(decodeResult: success, version: HTTP/1.1, content: EmptyByteBufBE)
GET /session/56cfb3fe269e9944e89038a7668c5403/url HTTP/1.1
User-Agent: selenium/4.1.2 (java windows)
Cache-Control: no-cache
Content-Type: application/json; charset=utf-8
host: localhost:56384
accept: */*

Response DefaultHttpResponse(decodeResult: success, version: HTTP/1.1)
HTTP/1.1 200 OK
Content-Type: application/json; charset=utf-8
cache-control: no-cache
content-length: 59

03:50:07.422 [AsyncHttpClient-1-2] DEBUG org.asynchttpclient.netty.channel.ChannelManager - Adding key: http://localhost:56384 for channel [id: 0x33980454, L:/127.0.0.1:63786 - R:localhost/127.0.0.1:56384]
  &amp#27;[32mGiven &amp#27;[0m&amp#27;[32mi access the web&amp#27;[0m                                                                      &amp#27;[90m# starter.stepdefinitions.registration.iAccessTheWeb()&amp#27;[0m
03:50:07.465 [main] DEBUG net.serenitybdd.core.photography.Darkroom - Opening darkroom
03:50:07.467 [Forwarding screenshot on session 56cfb3fe269e9944e89038a7668c5403 to remote] DEBUG org.asynchttpclient.netty.request.NettyRequestSender - Using pooled Channel '[id: 0x33980454, L:/127.0.0.1:63786 - R:localhost/127.0.0.1:56384]' for 'GET' to 'http://localhost:56384/session/56cfb3fe269e9944e89038a7668c5403/screenshot'
03:50:07.468 [Darkroom Processing Line] DEBUG net.serenitybdd.core.photography.DarkroomProcessingLine - Darkroom processing line starting up
03:50:07.468 [Forwarding screenshot on session 56cfb3fe269e9944e89038a7668c5403 to remote] DEBUG org.asynchttpclient.netty.request.NettyRequestSender - Using open Channel [id: 0x33980454, L:/127.0.0.1:63786 - R:localhost/127.0.0.1:56384] for GET '/session/56cfb3fe269e9944e89038a7668c5403/screenshot'
03:50:07.712 [AsyncHttpClient-1-1] DEBUG org.asynchttpclient.netty.channel.DefaultChannelPool - Entry count for : http://localhost:63788 : 1
03:50:07.925 [AsyncHttpClient-1-2] DEBUG org.asynchttpclient.netty.handler.HttpHandler - 

Request DefaultFullHttpRequest(decodeResult: success, version: HTTP/1.1, content: EmptyByteBufBE)
GET /session/56cfb3fe269e9944e89038a7668c5403/screenshot HTTP/1.1
User-Agent: selenium/4.1.2 (java windows)
Cache-Control: no-cache
Content-Type: application/json; charset=utf-8
host: localhost:56384
accept: */*

Response DefaultHttpResponse(decodeResult: success, version: HTTP/1.1)
HTTP/1.1 200 OK
Content-Type: application/json; charset=utf-8
cache-control: no-cache
content-length: 719572

03:50:07.933 [AsyncHttpClient-1-2] DEBUG org.asynchttpclient.netty.channel.ChannelManager - Adding key: http://localhost:56384 for channel [id: 0x33980454, L:/127.0.0.1:63786 - R:localhost/127.0.0.1:56384]
03:50:08.082 [main] DEBUG net.serenitybdd.core.photography.Darkroom - Send negative for processing for target\site\serenity\69c72756260a71f0a607ae90fa1fdc051de160ff92b1892ddfc68a33f325fa13.png
03:50:08.083 [Darkroom Processing Line] DEBUG net.serenitybdd.core.photography.DarkroomProcessingLine - Processing screenshot image in /var/screenshots/screenshot-4522052323272015020
03:50:08.083 [Darkroom Processing Line] DEBUG net.serenitybdd.core.photography.DarkroomProcessingLine - Saving screenshot to target\site\serenity\69c72756260a71f0a607ae90fa1fdc051de160ff92b1892ddfc68a33f325fa13.png
03:50:08.107 [Forwarding findElement on session 56cfb3fe269e9944e89038a7668c5403 to remote] DEBUG org.asynchttpclient.netty.request.NettyRequestSender - Using pooled Channel '[id: 0x33980454, L:/127.0.0.1:63786 - R:localhost/127.0.0.1:56384]' for 'POST' to 'http://localhost:56384/session/56cfb3fe269e9944e89038a7668c5403/element'
03:50:08.107 [Forwarding findElement on session 56cfb3fe269e9944e89038a7668c5403 to remote] DEBUG org.asynchttpclient.netty.request.NettyRequestSender - Using open Channel [id: 0x33980454, L:/127.0.0.1:63786 - R:localhost/127.0.0.1:56384] for POST '/session/56cfb3fe269e9944e89038a7668c5403/element'
03:50:08.121 [AsyncHttpClient-1-2] DEBUG org.asynchttpclient.netty.handler.HttpHandler - 

Request DefaultHttpRequest(decodeResult: success, version: HTTP/1.1)
POST /session/56cfb3fe269e9944e89038a7668c5403/element HTTP/1.1
User-Agent: selenium/4.1.2 (java windows)
Content-Length: 68
Content-Type: application/json; charset=utf-8
host: localhost:56384
accept: */*

Response DefaultHttpResponse(decodeResult: success, version: HTTP/1.1)
HTTP/1.1 200 OK
Content-Type: application/json; charset=utf-8
cache-control: no-cache
content-length: 88

03:50:08.121 [AsyncHttpClient-1-2] DEBUG org.asynchttpclient.netty.channel.ChannelManager - Adding key: http://localhost:56384 for channel [id: 0x33980454, L:/127.0.0.1:63786 - R:localhost/127.0.0.1:56384]
03:50:08.124 [Forwarding clearElement on session 56cfb3fe269e9944e89038a7668c5403 to remote] DEBUG org.asynchttpclient.netty.request.NettyRequestSender - Using pooled Channel '[id: 0x33980454, L:/127.0.0.1:63786 - R:localhost/127.0.0.1:56384]' for 'POST' to 'http://localhost:56384/session/56cfb3fe269e9944e89038a7668c5403/element/1ecb3b39-0f6b-45d1-b448-7d82bd856952/clear'
03:50:08.125 [Forwarding clearElement on session 56cfb3fe269e9944e89038a7668c5403 to remote] DEBUG org.asynchttpclient.netty.request.NettyRequestSender - Using open Channel [id: 0x33980454, L:/127.0.0.1:63786 - R:localhost/127.0.0.1:56384] for POST '/session/56cfb3fe269e9944e89038a7668c5403/element/1ecb3b39-0f6b-45d1-b448-7d82bd856952/clear'
03:50:08.161 [AsyncHttpClient-1-2] DEBUG org.asynchttpclient.netty.handler.HttpHandler - 

Request DefaultHttpRequest(decodeResult: success, version: HTTP/1.1)
POST /session/56cfb3fe269e9944e89038a7668c5403/element/1ecb3b39-0f6b-45d1-b448-7d82bd856952/clear HTTP/1.1
User-Agent: selenium/4.1.2 (java windows)
Content-Length: 50
Content-Type: application/json; charset=utf-8
host: localhost:56384
accept: */*

Response DefaultHttpResponse(decodeResult: success, version: HTTP/1.1)
HTTP/1.1 200 OK
Content-Type: application/json; charset=utf-8
cache-control: no-cache
content-length: 14

03:50:08.162 [AsyncHttpClient-1-2] DEBUG org.asynchttpclient.netty.channel.ChannelManager - Adding key: http://localhost:56384 for channel [id: 0x33980454, L:/127.0.0.1:63786 - R:localhost/127.0.0.1:56384]
03:50:08.168 [Forwarding sendKeysToElement on session 56cfb3fe269e9944e89038a7668c5403 to remote] DEBUG org.asynchttpclient.netty.request.NettyRequestSender - Using pooled Channel '[id: 0x33980454, L:/127.0.0.1:63786 - R:localhost/127.0.0.1:56384]' for 'POST' to 'http://localhost:56384/session/56cfb3fe269e9944e89038a7668c5403/element/1ecb3b39-0f6b-45d1-b448-7d82bd856952/value'
03:50:08.168 [Forwarding sendKeysToElement on session 56cfb3fe269e9944e89038a7668c5403 to remote] DEBUG org.asynchttpclient.netty.request.NettyRequestSender - Using open Channel [id: 0x33980454, L:/127.0.0.1:63786 - R:localhost/127.0.0.1:56384] for POST '/session/56cfb3fe269e9944e89038a7668c5403/element/1ecb3b39-0f6b-45d1-b448-7d82bd856952/value'
03:50:08.243 [AsyncHttpClient-1-2] DEBUG org.asynchttpclient.netty.handler.HttpHandler - 

Request DefaultHttpRequest(decodeResult: success, version: HTTP/1.1)
POST /session/56cfb3fe269e9944e89038a7668c5403/element/1ecb3b39-0f6b-45d1-b448-7d82bd856952/value HTTP/1.1
User-Agent: selenium/4.1.2 (java windows)
Content-Length: 171
Content-Type: application/json; charset=utf-8
host: localhost:56384
accept: */*

Response DefaultHttpResponse(decodeResult: success, version: HTTP/1.1)
HTTP/1.1 200 OK
Content-Type: application/json; charset=utf-8
cache-control: no-cache
content-length: 14

03:50:08.243 [AsyncHttpClient-1-2] DEBUG org.asynchttpclient.netty.channel.ChannelManager - Adding key: http://localhost:56384 for channel [id: 0x33980454, L:/127.0.0.1:63786 - R:localhost/127.0.0.1:56384]
03:50:08.252 [Forwarding findElement on session 56cfb3fe269e9944e89038a7668c5403 to remote] DEBUG org.asynchttpclient.netty.request.NettyRequestSender - Using pooled Channel '[id: 0x33980454, L:/127.0.0.1:63786 - R:localhost/127.0.0.1:56384]' for 'POST' to 'http://localhost:56384/session/56cfb3fe269e9944e89038a7668c5403/element'
03:50:08.252 [Forwarding findElement on session 56cfb3fe269e9944e89038a7668c5403 to remote] DEBUG org.asynchttpclient.netty.request.NettyRequestSender - Using open Channel [id: 0x33980454, L:/127.0.0.1:63786 - R:localhost/127.0.0.1:56384] for POST '/session/56cfb3fe269e9944e89038a7668c5403/element'
03:50:08.264 [AsyncHttpClient-1-2] DEBUG org.asynchttpclient.netty.handler.HttpHandler - 

Request DefaultHttpRequest(decodeResult: success, version: HTTP/1.1)
POST /session/56cfb3fe269e9944e89038a7668c5403/element HTTP/1.1
User-Agent: selenium/4.1.2 (java windows)
Content-Length: 69
Content-Type: application/json; charset=utf-8
host: localhost:56384
accept: */*

Response DefaultHttpResponse(decodeResult: success, version: HTTP/1.1)
HTTP/1.1 200 OK
Content-Type: application/json; charset=utf-8
cache-control: no-cache
content-length: 88

03:50:08.264 [AsyncHttpClient-1-2] DEBUG org.asynchttpclient.netty.channel.ChannelManager - Adding key: http://localhost:56384 for channel [id: 0x33980454, L:/127.0.0.1:63786 - R:localhost/127.0.0.1:56384]
03:50:08.268 [Forwarding clearElement on session 56cfb3fe269e9944e89038a7668c5403 to remote] DEBUG org.asynchttpclient.netty.request.NettyRequestSender - Using pooled Channel '[id: 0x33980454, L:/127.0.0.1:63786 - R:localhost/127.0.0.1:56384]' for 'POST' to 'http://localhost:56384/session/56cfb3fe269e9944e89038a7668c5403/element/356fd767-ea0d-47ed-940a-4a0ff48d4423/clear'
03:50:08.268 [Forwarding clearElement on session 56cfb3fe269e9944e89038a7668c5403 to remote] DEBUG org.asynchttpclient.netty.request.NettyRequestSender - Using open Channel [id: 0x33980454, L:/127.0.0.1:63786 - R:localhost/127.0.0.1:56384] for POST '/session/56cfb3fe269e9944e89038a7668c5403/element/356fd767-ea0d-47ed-940a-4a0ff48d4423/clear'
03:50:08.309 [AsyncHttpClient-1-2] DEBUG org.asynchttpclient.netty.handler.HttpHandler - 

Request DefaultHttpRequest(decodeResult: success, version: HTTP/1.1)
POST /session/56cfb3fe269e9944e89038a7668c5403/element/356fd767-ea0d-47ed-940a-4a0ff48d4423/clear HTTP/1.1
User-Agent: selenium/4.1.2 (java windows)
Content-Length: 50
Content-Type: application/json; charset=utf-8
host: localhost:56384
accept: */*

Response DefaultHttpResponse(decodeResult: success, version: HTTP/1.1)
HTTP/1.1 200 OK
Content-Type: application/json; charset=utf-8
cache-control: no-cache
content-length: 14

03:50:08.309 [AsyncHttpClient-1-2] DEBUG org.asynchttpclient.netty.channel.ChannelManager - Adding key: http://localhost:56384 for channel [id: 0x33980454, L:/127.0.0.1:63786 - R:localhost/127.0.0.1:56384]
03:50:08.313 [Forwarding sendKeysToElement on session 56cfb3fe269e9944e89038a7668c5403 to remote] DEBUG org.asynchttpclient.netty.request.NettyRequestSender - Using pooled Channel '[id: 0x33980454, L:/127.0.0.1:63786 - R:localhost/127.0.0.1:56384]' for 'POST' to 'http://localhost:56384/session/56cfb3fe269e9944e89038a7668c5403/element/356fd767-ea0d-47ed-940a-4a0ff48d4423/value'
03:50:08.313 [Forwarding sendKeysToElement on session 56cfb3fe269e9944e89038a7668c5403 to remote] DEBUG org.asynchttpclient.netty.request.NettyRequestSender - Using open Channel [id: 0x33980454, L:/127.0.0.1:63786 - R:localhost/127.0.0.1:56384] for POST '/session/56cfb3fe269e9944e89038a7668c5403/element/356fd767-ea0d-47ed-940a-4a0ff48d4423/value'
03:50:08.386 [AsyncHttpClient-1-2] DEBUG org.asynchttpclient.netty.handler.HttpHandler - 

Request DefaultHttpRequest(decodeResult: success, version: HTTP/1.1)
POST /session/56cfb3fe269e9944e89038a7668c5403/element/356fd767-ea0d-47ed-940a-4a0ff48d4423/value HTTP/1.1
User-Agent: selenium/4.1.2 (java windows)
Content-Length: 231
Content-Type: application/json; charset=utf-8
host: localhost:56384
accept: */*

Response DefaultHttpResponse(decodeResult: success, version: HTTP/1.1)
HTTP/1.1 200 OK
Content-Type: application/json; charset=utf-8
cache-control: no-cache
content-length: 14

03:50:08.386 [AsyncHttpClient-1-2] DEBUG org.asynchttpclient.netty.channel.ChannelManager - Adding key: http://localhost:56384 for channel [id: 0x33980454, L:/127.0.0.1:63786 - R:localhost/127.0.0.1:56384]
03:50:08.392 [Forwarding findElement on session 56cfb3fe269e9944e89038a7668c5403 to remote] DEBUG org.asynchttpclient.netty.request.NettyRequestSender - Using pooled Channel '[id: 0x33980454, L:/127.0.0.1:63786 - R:localhost/127.0.0.1:56384]' for 'POST' to 'http://localhost:56384/session/56cfb3fe269e9944e89038a7668c5403/element'
03:50:08.392 [Forwarding findElement on session 56cfb3fe269e9944e89038a7668c5403 to remote] DEBUG org.asynchttpclient.netty.request.NettyRequestSender - Using open Channel [id: 0x33980454, L:/127.0.0.1:63786 - R:localhost/127.0.0.1:56384] for POST '/session/56cfb3fe269e9944e89038a7668c5403/element'
03:50:08.407 [AsyncHttpClient-1-2] DEBUG org.asynchttpclient.netty.handler.HttpHandler - 

Request DefaultHttpRequest(decodeResult: success, version: HTTP/1.1)
POST /session/56cfb3fe269e9944e89038a7668c5403/element HTTP/1.1
User-Agent: selenium/4.1.2 (java windows)
Content-Length: 72
Content-Type: application/json; charset=utf-8
host: localhost:56384
accept: */*

Response DefaultHttpResponse(decodeResult: success, version: HTTP/1.1)
HTTP/1.1 200 OK
Content-Type: application/json; charset=utf-8
cache-control: no-cache
content-length: 88

03:50:08.408 [AsyncHttpClient-1-2] DEBUG org.asynchttpclient.netty.channel.ChannelManager - Adding key: http://localhost:56384 for channel [id: 0x33980454, L:/127.0.0.1:63786 - R:localhost/127.0.0.1:56384]
03:50:08.410 [Forwarding clearElement on session 56cfb3fe269e9944e89038a7668c5403 to remote] DEBUG org.asynchttpclient.netty.request.NettyRequestSender - Using pooled Channel '[id: 0x33980454, L:/127.0.0.1:63786 - R:localhost/127.0.0.1:56384]' for 'POST' to 'http://localhost:56384/session/56cfb3fe269e9944e89038a7668c5403/element/6e65239a-483b-4b8b-9f02-7ba4af720525/clear'
03:50:08.411 [Forwarding clearElement on session 56cfb3fe269e9944e89038a7668c5403 to remote] DEBUG org.asynchttpclient.netty.request.NettyRequestSender - Using open Channel [id: 0x33980454, L:/127.0.0.1:63786 - R:localhost/127.0.0.1:56384] for POST '/session/56cfb3fe269e9944e89038a7668c5403/element/6e65239a-483b-4b8b-9f02-7ba4af720525/clear'
03:50:08.446 [AsyncHttpClient-1-2] DEBUG org.asynchttpclient.netty.handler.HttpHandler - 

Request DefaultHttpRequest(decodeResult: success, version: HTTP/1.1)
POST /session/56cfb3fe269e9944e89038a7668c5403/element/6e65239a-483b-4b8b-9f02-7ba4af720525/clear HTTP/1.1
User-Agent: selenium/4.1.2 (java windows)
Content-Length: 50
Content-Type: application/json; charset=utf-8
host: localhost:56384
accept: */*

Response DefaultHttpResponse(decodeResult: success, version: HTTP/1.1)
HTTP/1.1 200 OK
Content-Type: application/json; charset=utf-8
cache-control: no-cache
content-length: 14

03:50:08.447 [AsyncHttpClient-1-2] DEBUG org.asynchttpclient.netty.channel.ChannelManager - Adding key: http://localhost:56384 for channel [id: 0x33980454, L:/127.0.0.1:63786 - R:localhost/127.0.0.1:56384]
03:50:08.451 [Forwarding sendKeysToElement on session 56cfb3fe269e9944e89038a7668c5403 to remote] DEBUG org.asynchttpclient.netty.request.NettyRequestSender - Using pooled Channel '[id: 0x33980454, L:/127.0.0.1:63786 - R:localhost/127.0.0.1:56384]' for 'POST' to 'http://localhost:56384/session/56cfb3fe269e9944e89038a7668c5403/element/6e65239a-483b-4b8b-9f02-7ba4af720525/value'
03:50:08.451 [Forwarding sendKeysToElement on session 56cfb3fe269e9944e89038a7668c5403 to remote] DEBUG org.asynchttpclient.netty.request.NettyRequestSender - Using open Channel [id: 0x33980454, L:/127.0.0.1:63786 - R:localhost/127.0.0.1:56384] for POST '/session/56cfb3fe269e9944e89038a7668c5403/element/6e65239a-483b-4b8b-9f02-7ba4af720525/value'
03:50:08.518 [AsyncHttpClient-1-2] DEBUG org.asynchttpclient.netty.handler.HttpHandler - 

Request DefaultHttpRequest(decodeResult: success, version: HTTP/1.1)
POST /session/56cfb3fe269e9944e89038a7668c5403/element/6e65239a-483b-4b8b-9f02-7ba4af720525/value HTTP/1.1
User-Agent: selenium/4.1.2 (java windows)
Content-Length: 211
Content-Type: application/json; charset=utf-8
host: localhost:56384
accept: */*

Response DefaultHttpResponse(decodeResult: success, version: HTTP/1.1)
HTTP/1.1 200 OK
Content-Type: application/json; charset=utf-8
cache-control: no-cache
content-length: 14

03:50:08.518 [AsyncHttpClient-1-2] DEBUG org.asynchttpclient.netty.channel.ChannelManager - Adding key: http://localhost:56384 for channel [id: 0x33980454, L:/127.0.0.1:63786 - R:localhost/127.0.0.1:56384]
  &amp#27;[32mWhen &amp#27;[0m&amp#27;[32mi input &amp#27;[0m&amp#27;[32m&amp#27;[1m"sonyaprds"&amp#27;[0m&amp#27;[32m and &amp#27;[0m&amp#27;[32m&amp#27;[1m"sonya@gmail.com"&amp#27;[0m&amp#27;[32m and &amp#27;[0m&amp#27;[32m&amp#27;[1m"SonyaPrds1511"&amp#27;[0m                          &amp#27;[90m# starter.stepdefinitions.registration.iInputAndAnd(java.lang.String,java.lang.String,java.lang.String)&amp#27;[0m
03:50:08.529 [Forwarding screenshot on session 56cfb3fe269e9944e89038a7668c5403 to remote] DEBUG org.asynchttpclient.netty.request.NettyRequestSender - Using pooled Channel '[id: 0x33980454, L:/127.0.0.1:63786 - R:localhost/127.0.0.1:56384]' for 'GET' to 'http://localhost:56384/session/56cfb3fe269e9944e89038a7668c5403/screenshot'
03:50:08.529 [Forwarding screenshot on session 56cfb3fe269e9944e89038a7668c5403 to remote] DEBUG org.asynchttpclient.netty.request.NettyRequestSender - Using open Channel [id: 0x33980454, L:/127.0.0.1:63786 - R:localhost/127.0.0.1:56384] for GET '/session/56cfb3fe269e9944e89038a7668c5403/screenshot'
03:50:08.813 [AsyncHttpClient-1-1] DEBUG org.asynchttpclient.netty.channel.DefaultChannelPool - Entry count for : http://localhost:63788 : 1
03:50:08.888 [AsyncHttpClient-1-2] DEBUG org.asynchttpclient.netty.handler.HttpHandler - 

Request DefaultFullHttpRequest(decodeResult: success, version: HTTP/1.1, content: EmptyByteBufBE)
GET /session/56cfb3fe269e9944e89038a7668c5403/screenshot HTTP/1.1
User-Agent: selenium/4.1.2 (java windows)
Cache-Control: no-cache
Content-Type: application/json; charset=utf-8
host: localhost:56384
accept: */*

Response DefaultHttpResponse(decodeResult: success, version: HTTP/1.1)
HTTP/1.1 200 OK
Content-Type: application/json; charset=utf-8
cache-control: no-cache
content-length: 122712

03:50:08.890 [AsyncHttpClient-1-2] DEBUG org.asynchttpclient.netty.channel.ChannelManager - Adding key: http://localhost:56384 for channel [id: 0x33980454, L:/127.0.0.1:63786 - R:localhost/127.0.0.1:56384]
03:50:08.902 [main] DEBUG net.serenitybdd.core.photography.Darkroom - Send negative for processing for target\site\serenity\cec2abb6da26fd26ba44809019105104cdaf718ff9bf64b8e7dca3268475d001.png
03:50:08.902 [Darkroom Processing Line] DEBUG net.serenitybdd.core.photography.DarkroomProcessingLine - Processing screenshot image in /var/screenshots/screenshot-11443662578097158234
03:50:08.903 [Darkroom Processing Line] DEBUG net.serenitybdd.core.photography.DarkroomProcessingLine - Saving screenshot to target\site\serenity\cec2abb6da26fd26ba44809019105104cdaf718ff9bf64b8e7dca3268475d001.png
03:50:08.916 [Forwarding findElement on session 56cfb3fe269e9944e89038a7668c5403 to remote] DEBUG org.asynchttpclient.netty.request.NettyRequestSender - Using pooled Channel '[id: 0x33980454, L:/127.0.0.1:63786 - R:localhost/127.0.0.1:56384]' for 'POST' to 'http://localhost:56384/session/56cfb3fe269e9944e89038a7668c5403/element'
03:50:08.917 [Forwarding findElement on session 56cfb3fe269e9944e89038a7668c5403 to remote] DEBUG org.asynchttpclient.netty.request.NettyRequestSender - Using open Channel [id: 0x33980454, L:/127.0.0.1:63786 - R:localhost/127.0.0.1:56384] for POST '/session/56cfb3fe269e9944e89038a7668c5403/element'
03:50:08.929 [AsyncHttpClient-1-2] DEBUG org.asynchttpclient.netty.handler.HttpHandler - 

Request DefaultHttpRequest(decodeResult: success, version: HTTP/1.1)
POST /session/56cfb3fe269e9944e89038a7668c5403/element HTTP/1.1
User-Agent: selenium/4.1.2 (java windows)
Content-Length: 72
Content-Type: application/json; charset=utf-8
host: localhost:56384
accept: */*

Response DefaultHttpResponse(decodeResult: success, version: HTTP/1.1)
HTTP/1.1 200 OK
Content-Type: application/json; charset=utf-8
cache-control: no-cache
content-length: 88

03:50:08.929 [AsyncHttpClient-1-2] DEBUG org.asynchttpclient.netty.channel.ChannelManager - Adding key: http://localhost:56384 for channel [id: 0x33980454, L:/127.0.0.1:63786 - R:localhost/127.0.0.1:56384]
03:50:08.933 [Forwarding getElementTagName on session 56cfb3fe269e9944e89038a7668c5403 to remote] DEBUG org.asynchttpclient.netty.request.NettyRequestSender - Using pooled Channel '[id: 0x33980454, L:/127.0.0.1:63786 - R:localhost/127.0.0.1:56384]' for 'GET' to 'http://localhost:56384/session/56cfb3fe269e9944e89038a7668c5403/element/b2b2e03f-4bec-4a30-a48a-ddd3bc7d54bd/name'
03:50:08.933 [Forwarding getElementTagName on session 56cfb3fe269e9944e89038a7668c5403 to remote] DEBUG org.asynchttpclient.netty.request.NettyRequestSender - Using open Channel [id: 0x33980454, L:/127.0.0.1:63786 - R:localhost/127.0.0.1:56384] for GET '/session/56cfb3fe269e9944e89038a7668c5403/element/b2b2e03f-4bec-4a30-a48a-ddd3bc7d54bd/name'
03:50:08.939 [AsyncHttpClient-1-2] DEBUG org.asynchttpclient.netty.handler.HttpHandler - 

Request DefaultFullHttpRequest(decodeResult: success, version: HTTP/1.1, content: EmptyByteBufBE)
GET /session/56cfb3fe269e9944e89038a7668c5403/element/b2b2e03f-4bec-4a30-a48a-ddd3bc7d54bd/name HTTP/1.1
User-Agent: selenium/4.1.2 (java windows)
Cache-Control: no-cache
Content-Type: application/json; charset=utf-8
host: localhost:56384
accept: */*

Response DefaultHttpResponse(decodeResult: success, version: HTTP/1.1)
HTTP/1.1 200 OK
Content-Type: application/json; charset=utf-8
cache-control: no-cache
content-length: 17

03:50:08.939 [AsyncHttpClient-1-2] DEBUG org.asynchttpclient.netty.channel.ChannelManager - Adding key: http://localhost:56384 for channel [id: 0x33980454, L:/127.0.0.1:63786 - R:localhost/127.0.0.1:56384]
03:50:08.941 [Forwarding getElementTagName on session 56cfb3fe269e9944e89038a7668c5403 to remote] DEBUG org.asynchttpclient.netty.request.NettyRequestSender - Using pooled Channel '[id: 0x33980454, L:/127.0.0.1:63786 - R:localhost/127.0.0.1:56384]' for 'GET' to 'http://localhost:56384/session/56cfb3fe269e9944e89038a7668c5403/element/b2b2e03f-4bec-4a30-a48a-ddd3bc7d54bd/name'
03:50:08.942 [Forwarding getElementTagName on session 56cfb3fe269e9944e89038a7668c5403 to remote] DEBUG org.asynchttpclient.netty.request.NettyRequestSender - Using open Channel [id: 0x33980454, L:/127.0.0.1:63786 - R:localhost/127.0.0.1:56384] for GET '/session/56cfb3fe269e9944e89038a7668c5403/element/b2b2e03f-4bec-4a30-a48a-ddd3bc7d54bd/name'
03:50:08.945 [AsyncHttpClient-1-2] DEBUG org.asynchttpclient.netty.handler.HttpHandler - 

Request DefaultFullHttpRequest(decodeResult: success, version: HTTP/1.1, content: EmptyByteBufBE)
GET /session/56cfb3fe269e9944e89038a7668c5403/element/b2b2e03f-4bec-4a30-a48a-ddd3bc7d54bd/name HTTP/1.1
User-Agent: selenium/4.1.2 (java windows)
Cache-Control: no-cache
Content-Type: application/json; charset=utf-8
host: localhost:56384
accept: */*

Response DefaultHttpResponse(decodeResult: success, version: HTTP/1.1)
HTTP/1.1 200 OK
Content-Type: application/json; charset=utf-8
cache-control: no-cache
content-length: 17

03:50:08.945 [AsyncHttpClient-1-2] DEBUG org.asynchttpclient.netty.channel.ChannelManager - Adding key: http://localhost:56384 for channel [id: 0x33980454, L:/127.0.0.1:63786 - R:localhost/127.0.0.1:56384]
03:50:08.951 [Forwarding isElementEnabled on session 56cfb3fe269e9944e89038a7668c5403 to remote] DEBUG org.asynchttpclient.netty.request.NettyRequestSender - Using pooled Channel '[id: 0x33980454, L:/127.0.0.1:63786 - R:localhost/127.0.0.1:56384]' for 'GET' to 'http://localhost:56384/session/56cfb3fe269e9944e89038a7668c5403/element/b2b2e03f-4bec-4a30-a48a-ddd3bc7d54bd/enabled'
03:50:08.951 [Forwarding isElementEnabled on session 56cfb3fe269e9944e89038a7668c5403 to remote] DEBUG org.asynchttpclient.netty.request.NettyRequestSender - Using open Channel [id: 0x33980454, L:/127.0.0.1:63786 - R:localhost/127.0.0.1:56384] for GET '/session/56cfb3fe269e9944e89038a7668c5403/element/b2b2e03f-4bec-4a30-a48a-ddd3bc7d54bd/enabled'
03:50:08.960 [AsyncHttpClient-1-2] DEBUG org.asynchttpclient.netty.handler.HttpHandler - 

Request DefaultFullHttpRequest(decodeResult: success, version: HTTP/1.1, content: EmptyByteBufBE)
GET /session/56cfb3fe269e9944e89038a7668c5403/element/b2b2e03f-4bec-4a30-a48a-ddd3bc7d54bd/enabled HTTP/1.1
User-Agent: selenium/4.1.2 (java windows)
Cache-Control: no-cache
Content-Type: application/json; charset=utf-8
host: localhost:56384
accept: */*

Response DefaultHttpResponse(decodeResult: success, version: HTTP/1.1)
HTTP/1.1 200 OK
Content-Type: application/json; charset=utf-8
cache-control: no-cache
content-length: 14

03:50:08.960 [AsyncHttpClient-1-2] DEBUG org.asynchttpclient.netty.channel.ChannelManager - Adding key: http://localhost:56384 for channel [id: 0x33980454, L:/127.0.0.1:63786 - R:localhost/127.0.0.1:56384]
03:50:08.963 [Forwarding isElementEnabled on session 56cfb3fe269e9944e89038a7668c5403 to remote] DEBUG org.asynchttpclient.netty.request.NettyRequestSender - Using pooled Channel '[id: 0x33980454, L:/127.0.0.1:63786 - R:localhost/127.0.0.1:56384]' for 'GET' to 'http://localhost:56384/session/56cfb3fe269e9944e89038a7668c5403/element/b2b2e03f-4bec-4a30-a48a-ddd3bc7d54bd/enabled'
03:50:08.964 [Forwarding isElementEnabled on session 56cfb3fe269e9944e89038a7668c5403 to remote] DEBUG org.asynchttpclient.netty.request.NettyRequestSender - Using open Channel [id: 0x33980454, L:/127.0.0.1:63786 - R:localhost/127.0.0.1:56384] for GET '/session/56cfb3fe269e9944e89038a7668c5403/element/b2b2e03f-4bec-4a30-a48a-ddd3bc7d54bd/enabled'
03:50:08.973 [AsyncHttpClient-1-2] DEBUG org.asynchttpclient.netty.handler.HttpHandler - 

Request DefaultFullHttpRequest(decodeResult: success, version: HTTP/1.1, content: EmptyByteBufBE)
GET /session/56cfb3fe269e9944e89038a7668c5403/element/b2b2e03f-4bec-4a30-a48a-ddd3bc7d54bd/enabled HTTP/1.1
User-Agent: selenium/4.1.2 (java windows)
Cache-Control: no-cache
Content-Type: application/json; charset=utf-8
host: localhost:56384
accept: */*

Response DefaultHttpResponse(decodeResult: success, version: HTTP/1.1)
HTTP/1.1 200 OK
Content-Type: application/json; charset=utf-8
cache-control: no-cache
content-length: 14

03:50:08.973 [AsyncHttpClient-1-2] DEBUG org.asynchttpclient.netty.channel.ChannelManager - Adding key: http://localhost:56384 for channel [id: 0x33980454, L:/127.0.0.1:63786 - R:localhost/127.0.0.1:56384]
03:50:08.978 [Forwarding findElement on session 56cfb3fe269e9944e89038a7668c5403 to remote] DEBUG org.asynchttpclient.netty.request.NettyRequestSender - Using pooled Channel '[id: 0x33980454, L:/127.0.0.1:63786 - R:localhost/127.0.0.1:56384]' for 'POST' to 'http://localhost:56384/session/56cfb3fe269e9944e89038a7668c5403/element'
03:50:08.979 [Forwarding findElement on session 56cfb3fe269e9944e89038a7668c5403 to remote] DEBUG org.asynchttpclient.netty.request.NettyRequestSender - Using open Channel [id: 0x33980454, L:/127.0.0.1:63786 - R:localhost/127.0.0.1:56384] for POST '/session/56cfb3fe269e9944e89038a7668c5403/element'
03:50:08.994 [AsyncHttpClient-1-2] DEBUG org.asynchttpclient.netty.handler.HttpHandler - 

Request DefaultHttpRequest(decodeResult: success, version: HTTP/1.1)
POST /session/56cfb3fe269e9944e89038a7668c5403/element HTTP/1.1
User-Agent: selenium/4.1.2 (java windows)
Content-Length: 72
Content-Type: application/json; charset=utf-8
host: localhost:56384
accept: */*

Response DefaultHttpResponse(decodeResult: success, version: HTTP/1.1)
HTTP/1.1 200 OK
Content-Type: application/json; charset=utf-8
cache-control: no-cache
content-length: 88

03:50:08.994 [AsyncHttpClient-1-2] DEBUG org.asynchttpclient.netty.channel.ChannelManager - Adding key: http://localhost:56384 for channel [id: 0x33980454, L:/127.0.0.1:63786 - R:localhost/127.0.0.1:56384]
03:50:08.997 [Forwarding clickElement on session 56cfb3fe269e9944e89038a7668c5403 to remote] DEBUG org.asynchttpclient.netty.request.NettyRequestSender - Using pooled Channel '[id: 0x33980454, L:/127.0.0.1:63786 - R:localhost/127.0.0.1:56384]' for 'POST' to 'http://localhost:56384/session/56cfb3fe269e9944e89038a7668c5403/element/b2b2e03f-4bec-4a30-a48a-ddd3bc7d54bd/click'
03:50:08.997 [Forwarding clickElement on session 56cfb3fe269e9944e89038a7668c5403 to remote] DEBUG org.asynchttpclient.netty.request.NettyRequestSender - Using open Channel [id: 0x33980454, L:/127.0.0.1:63786 - R:localhost/127.0.0.1:56384] for POST '/session/56cfb3fe269e9944e89038a7668c5403/element/b2b2e03f-4bec-4a30-a48a-ddd3bc7d54bd/click'
03:50:09.047 [AsyncHttpClient-1-2] DEBUG org.asynchttpclient.netty.handler.HttpHandler - 

Request DefaultHttpRequest(decodeResult: success, version: HTTP/1.1)
POST /session/56cfb3fe269e9944e89038a7668c5403/element/b2b2e03f-4bec-4a30-a48a-ddd3bc7d54bd/click HTTP/1.1
User-Agent: selenium/4.1.2 (java windows)
Content-Length: 50
Content-Type: application/json; charset=utf-8
host: localhost:56384
accept: */*

Response DefaultHttpResponse(decodeResult: success, version: HTTP/1.1)
HTTP/1.1 200 OK
Content-Type: application/json; charset=utf-8
cache-control: no-cache
content-length: 14

03:50:09.047 [AsyncHttpClient-1-2] DEBUG org.asynchttpclient.netty.channel.ChannelManager - Adding key: http://localhost:56384 for channel [id: 0x33980454, L:/127.0.0.1:63786 - R:localhost/127.0.0.1:56384]
03:50:09.055 [Forwarding findElement on session 56cfb3fe269e9944e89038a7668c5403 to remote] DEBUG org.asynchttpclient.netty.request.NettyRequestSender - Using pooled Channel '[id: 0x33980454, L:/127.0.0.1:63786 - R:localhost/127.0.0.1:56384]' for 'POST' to 'http://localhost:56384/session/56cfb3fe269e9944e89038a7668c5403/element'
03:50:09.055 [Forwarding findElement on session 56cfb3fe269e9944e89038a7668c5403 to remote] DEBUG org.asynchttpclient.netty.request.NettyRequestSender - Using open Channel [id: 0x33980454, L:/127.0.0.1:63786 - R:localhost/127.0.0.1:56384] for POST '/session/56cfb3fe269e9944e89038a7668c5403/element'
03:50:09.068 [AsyncHttpClient-1-2] DEBUG org.asynchttpclient.netty.handler.HttpHandler - 

Request DefaultHttpRequest(decodeResult: success, version: HTTP/1.1)
POST /session/56cfb3fe269e9944e89038a7668c5403/element HTTP/1.1
User-Agent: selenium/4.1.2 (java windows)
Content-Length: 88
Content-Type: application/json; charset=utf-8
host: localhost:56384
accept: */*

Response DefaultHttpResponse(decodeResult: success, version: HTTP/1.1)
HTTP/1.1 200 OK
Content-Type: application/json; charset=utf-8
cache-control: no-cache
content-length: 88

03:50:09.069 [AsyncHttpClient-1-2] DEBUG org.asynchttpclient.netty.channel.ChannelManager - Adding key: http://localhost:56384 for channel [id: 0x33980454, L:/127.0.0.1:63786 - R:localhost/127.0.0.1:56384]
03:50:09.071 [Forwarding getElementTagName on session 56cfb3fe269e9944e89038a7668c5403 to remote] DEBUG org.asynchttpclient.netty.request.NettyRequestSender - Using pooled Channel '[id: 0x33980454, L:/127.0.0.1:63786 - R:localhost/127.0.0.1:56384]' for 'GET' to 'http://localhost:56384/session/56cfb3fe269e9944e89038a7668c5403/element/24d29378-c5b1-47f4-87f6-2f97881a5eb4/name'
03:50:09.071 [Forwarding getElementTagName on session 56cfb3fe269e9944e89038a7668c5403 to remote] DEBUG org.asynchttpclient.netty.request.NettyRequestSender - Using open Channel [id: 0x33980454, L:/127.0.0.1:63786 - R:localhost/127.0.0.1:56384] for GET '/session/56cfb3fe269e9944e89038a7668c5403/element/24d29378-c5b1-47f4-87f6-2f97881a5eb4/name'
03:50:09.076 [AsyncHttpClient-1-2] DEBUG org.asynchttpclient.netty.handler.HttpHandler - 

Request DefaultFullHttpRequest(decodeResult: success, version: HTTP/1.1, content: EmptyByteBufBE)
GET /session/56cfb3fe269e9944e89038a7668c5403/element/24d29378-c5b1-47f4-87f6-2f97881a5eb4/name HTTP/1.1
User-Agent: selenium/4.1.2 (java windows)
Cache-Control: no-cache
Content-Type: application/json; charset=utf-8
host: localhost:56384
accept: */*

Response DefaultHttpResponse(decodeResult: success, version: HTTP/1.1)
HTTP/1.1 200 OK
Content-Type: application/json; charset=utf-8
cache-control: no-cache
content-length: 18

03:50:09.076 [AsyncHttpClient-1-2] DEBUG org.asynchttpclient.netty.channel.ChannelManager - Adding key: http://localhost:56384 for channel [id: 0x33980454, L:/127.0.0.1:63786 - R:localhost/127.0.0.1:56384]
03:50:09.078 [Forwarding getElementTagName on session 56cfb3fe269e9944e89038a7668c5403 to remote] DEBUG org.asynchttpclient.netty.request.NettyRequestSender - Using pooled Channel '[id: 0x33980454, L:/127.0.0.1:63786 - R:localhost/127.0.0.1:56384]' for 'GET' to 'http://localhost:56384/session/56cfb3fe269e9944e89038a7668c5403/element/24d29378-c5b1-47f4-87f6-2f97881a5eb4/name'
03:50:09.079 [Forwarding getElementTagName on session 56cfb3fe269e9944e89038a7668c5403 to remote] DEBUG org.asynchttpclient.netty.request.NettyRequestSender - Using open Channel [id: 0x33980454, L:/127.0.0.1:63786 - R:localhost/127.0.0.1:56384] for GET '/session/56cfb3fe269e9944e89038a7668c5403/element/24d29378-c5b1-47f4-87f6-2f97881a5eb4/name'
03:50:09.085 [AsyncHttpClient-1-2] DEBUG org.asynchttpclient.netty.handler.HttpHandler - 

Request DefaultFullHttpRequest(decodeResult: success, version: HTTP/1.1, content: EmptyByteBufBE)
GET /session/56cfb3fe269e9944e89038a7668c5403/element/24d29378-c5b1-47f4-87f6-2f97881a5eb4/name HTTP/1.1
User-Agent: selenium/4.1.2 (java windows)
Cache-Control: no-cache
Content-Type: application/json; charset=utf-8
host: localhost:56384
accept: */*

Response DefaultHttpResponse(decodeResult: success, version: HTTP/1.1)
HTTP/1.1 200 OK
Content-Type: application/json; charset=utf-8
cache-control: no-cache
content-length: 18

03:50:09.085 [AsyncHttpClient-1-2] DEBUG org.asynchttpclient.netty.channel.ChannelManager - Adding key: http://localhost:56384 for channel [id: 0x33980454, L:/127.0.0.1:63786 - R:localhost/127.0.0.1:56384]
03:50:09.088 [Forwarding isElementEnabled on session 56cfb3fe269e9944e89038a7668c5403 to remote] DEBUG org.asynchttpclient.netty.request.NettyRequestSender - Using pooled Channel '[id: 0x33980454, L:/127.0.0.1:63786 - R:localhost/127.0.0.1:56384]' for 'GET' to 'http://localhost:56384/session/56cfb3fe269e9944e89038a7668c5403/element/24d29378-c5b1-47f4-87f6-2f97881a5eb4/enabled'
03:50:09.088 [Forwarding isElementEnabled on session 56cfb3fe269e9944e89038a7668c5403 to remote] DEBUG org.asynchttpclient.netty.request.NettyRequestSender - Using open Channel [id: 0x33980454, L:/127.0.0.1:63786 - R:localhost/127.0.0.1:56384] for GET '/session/56cfb3fe269e9944e89038a7668c5403/element/24d29378-c5b1-47f4-87f6-2f97881a5eb4/enabled'
03:50:09.098 [AsyncHttpClient-1-2] DEBUG org.asynchttpclient.netty.handler.HttpHandler - 

Request DefaultFullHttpRequest(decodeResult: success, version: HTTP/1.1, content: EmptyByteBufBE)
GET /session/56cfb3fe269e9944e89038a7668c5403/element/24d29378-c5b1-47f4-87f6-2f97881a5eb4/enabled HTTP/1.1
User-Agent: selenium/4.1.2 (java windows)
Cache-Control: no-cache
Content-Type: application/json; charset=utf-8
host: localhost:56384
accept: */*

Response DefaultHttpResponse(decodeResult: success, version: HTTP/1.1)
HTTP/1.1 200 OK
Content-Type: application/json; charset=utf-8
cache-control: no-cache
content-length: 14

03:50:09.099 [AsyncHttpClient-1-2] DEBUG org.asynchttpclient.netty.channel.ChannelManager - Adding key: http://localhost:56384 for channel [id: 0x33980454, L:/127.0.0.1:63786 - R:localhost/127.0.0.1:56384]
03:50:09.102 [Forwarding isElementEnabled on session 56cfb3fe269e9944e89038a7668c5403 to remote] DEBUG org.asynchttpclient.netty.request.NettyRequestSender - Using pooled Channel '[id: 0x33980454, L:/127.0.0.1:63786 - R:localhost/127.0.0.1:56384]' for 'GET' to 'http://localhost:56384/session/56cfb3fe269e9944e89038a7668c5403/element/24d29378-c5b1-47f4-87f6-2f97881a5eb4/enabled'
03:50:09.102 [Forwarding isElementEnabled on session 56cfb3fe269e9944e89038a7668c5403 to remote] DEBUG org.asynchttpclient.netty.request.NettyRequestSender - Using open Channel [id: 0x33980454, L:/127.0.0.1:63786 - R:localhost/127.0.0.1:56384] for GET '/session/56cfb3fe269e9944e89038a7668c5403/element/24d29378-c5b1-47f4-87f6-2f97881a5eb4/enabled'
03:50:09.109 [AsyncHttpClient-1-2] DEBUG org.asynchttpclient.netty.handler.HttpHandler - 

Request DefaultFullHttpRequest(decodeResult: success, version: HTTP/1.1, content: EmptyByteBufBE)
GET /session/56cfb3fe269e9944e89038a7668c5403/element/24d29378-c5b1-47f4-87f6-2f97881a5eb4/enabled HTTP/1.1
User-Agent: selenium/4.1.2 (java windows)
Cache-Control: no-cache
Content-Type: application/json; charset=utf-8
host: localhost:56384
accept: */*

Response DefaultHttpResponse(decodeResult: success, version: HTTP/1.1)
HTTP/1.1 200 OK
Content-Type: application/json; charset=utf-8
cache-control: no-cache
content-length: 14

03:50:09.110 [AsyncHttpClient-1-2] DEBUG org.asynchttpclient.netty.channel.ChannelManager - Adding key: http://localhost:56384 for channel [id: 0x33980454, L:/127.0.0.1:63786 - R:localhost/127.0.0.1:56384]
03:50:09.114 [Forwarding findElement on session 56cfb3fe269e9944e89038a7668c5403 to remote] DEBUG org.asynchttpclient.netty.request.NettyRequestSender - Using pooled Channel '[id: 0x33980454, L:/127.0.0.1:63786 - R:localhost/127.0.0.1:56384]' for 'POST' to 'http://localhost:56384/session/56cfb3fe269e9944e89038a7668c5403/element'
03:50:09.114 [Forwarding findElement on session 56cfb3fe269e9944e89038a7668c5403 to remote] DEBUG org.asynchttpclient.netty.request.NettyRequestSender - Using open Channel [id: 0x33980454, L:/127.0.0.1:63786 - R:localhost/127.0.0.1:56384] for POST '/session/56cfb3fe269e9944e89038a7668c5403/element'
03:50:09.123 [AsyncHttpClient-1-2] DEBUG org.asynchttpclient.netty.handler.HttpHandler - 

Request DefaultHttpRequest(decodeResult: success, version: HTTP/1.1)
POST /session/56cfb3fe269e9944e89038a7668c5403/element HTTP/1.1
User-Agent: selenium/4.1.2 (java windows)
Content-Length: 88
Content-Type: application/json; charset=utf-8
host: localhost:56384
accept: */*

Response DefaultHttpResponse(decodeResult: success, version: HTTP/1.1)
HTTP/1.1 200 OK
Content-Type: application/json; charset=utf-8
cache-control: no-cache
content-length: 88

03:50:09.124 [AsyncHttpClient-1-2] DEBUG org.asynchttpclient.netty.channel.ChannelManager - Adding key: http://localhost:56384 for channel [id: 0x33980454, L:/127.0.0.1:63786 - R:localhost/127.0.0.1:56384]
03:50:09.127 [Forwarding clickElement on session 56cfb3fe269e9944e89038a7668c5403 to remote] DEBUG org.asynchttpclient.netty.request.NettyRequestSender - Using pooled Channel '[id: 0x33980454, L:/127.0.0.1:63786 - R:localhost/127.0.0.1:56384]' for 'POST' to 'http://localhost:56384/session/56cfb3fe269e9944e89038a7668c5403/element/24d29378-c5b1-47f4-87f6-2f97881a5eb4/click'
03:50:09.127 [Forwarding clickElement on session 56cfb3fe269e9944e89038a7668c5403 to remote] DEBUG org.asynchttpclient.netty.request.NettyRequestSender - Using open Channel [id: 0x33980454, L:/127.0.0.1:63786 - R:localhost/127.0.0.1:56384] for POST '/session/56cfb3fe269e9944e89038a7668c5403/element/24d29378-c5b1-47f4-87f6-2f97881a5eb4/click'
03:50:09.205 [AsyncHttpClient-1-2] DEBUG org.asynchttpclient.netty.handler.HttpHandler - 

Request DefaultHttpRequest(decodeResult: success, version: HTTP/1.1)
POST /session/56cfb3fe269e9944e89038a7668c5403/element/24d29378-c5b1-47f4-87f6-2f97881a5eb4/click HTTP/1.1
User-Agent: selenium/4.1.2 (java windows)
Content-Length: 50
Content-Type: application/json; charset=utf-8
host: localhost:56384
accept: */*

Response DefaultHttpResponse(decodeResult: success, version: HTTP/1.1)
HTTP/1.1 200 OK
Content-Type: application/json; charset=utf-8
cache-control: no-cache
content-length: 14

03:50:09.205 [AsyncHttpClient-1-2] DEBUG org.asynchttpclient.netty.channel.ChannelManager - Adding key: http://localhost:56384 for channel [id: 0x33980454, L:/127.0.0.1:63786 - R:localhost/127.0.0.1:56384]
  &amp#27;[32mAnd &amp#27;[0m&amp#27;[32mi check the checkbox and choose my gender&amp#27;[0m                                               &amp#27;[90m# starter.stepdefinitions.registration.iCheckTheCheckboxAndChooseMyGender()&amp#27;[0m
03:50:09.220 [Forwarding screenshot on session 56cfb3fe269e9944e89038a7668c5403 to remote] DEBUG org.asynchttpclient.netty.request.NettyRequestSender - Using pooled Channel '[id: 0x33980454, L:/127.0.0.1:63786 - R:localhost/127.0.0.1:56384]' for 'GET' to 'http://localhost:56384/session/56cfb3fe269e9944e89038a7668c5403/screenshot'
03:50:09.221 [Forwarding screenshot on session 56cfb3fe269e9944e89038a7668c5403 to remote] DEBUG org.asynchttpclient.netty.request.NettyRequestSender - Using open Channel [id: 0x33980454, L:/127.0.0.1:63786 - R:localhost/127.0.0.1:56384] for GET '/session/56cfb3fe269e9944e89038a7668c5403/screenshot'
03:50:09.493 [AsyncHttpClient-1-2] DEBUG org.asynchttpclient.netty.handler.HttpHandler - 

Request DefaultFullHttpRequest(decodeResult: success, version: HTTP/1.1, content: EmptyByteBufBE)
GET /session/56cfb3fe269e9944e89038a7668c5403/screenshot HTTP/1.1
User-Agent: selenium/4.1.2 (java windows)
Cache-Control: no-cache
Content-Type: application/json; charset=utf-8
host: localhost:56384
accept: */*

Response DefaultHttpResponse(decodeResult: success, version: HTTP/1.1)
HTTP/1.1 200 OK
Content-Type: application/json; charset=utf-8
cache-control: no-cache
content-length: 119812

03:50:09.494 [AsyncHttpClient-1-2] DEBUG org.asynchttpclient.netty.channel.ChannelManager - Adding key: http://localhost:56384 for channel [id: 0x33980454, L:/127.0.0.1:63786 - R:localhost/127.0.0.1:56384]
03:50:09.499 [main] DEBUG net.serenitybdd.core.photography.Darkroom - Send negative for processing for target\site\serenity\b3d139089443cea91945ac321578cfe9427e68c2852536928e11836e4010db3f.png
03:50:09.499 [Darkroom Processing Line] DEBUG net.serenitybdd.core.photography.DarkroomProcessingLine - Processing screenshot image in /var/screenshots/screenshot-7732376567542939767
03:50:09.499 [Darkroom Processing Line] DEBUG net.serenitybdd.core.photography.DarkroomProcessingLine - Saving screenshot to target\site\serenity\b3d139089443cea91945ac321578cfe9427e68c2852536928e11836e4010db3f.png
03:50:09.511 [Forwarding findElement on session 56cfb3fe269e9944e89038a7668c5403 to remote] DEBUG org.asynchttpclient.netty.request.NettyRequestSender - Using pooled Channel '[id: 0x33980454, L:/127.0.0.1:63786 - R:localhost/127.0.0.1:56384]' for 'POST' to 'http://localhost:56384/session/56cfb3fe269e9944e89038a7668c5403/element'
03:50:09.511 [Forwarding findElement on session 56cfb3fe269e9944e89038a7668c5403 to remote] DEBUG org.asynchttpclient.netty.request.NettyRequestSender - Using open Channel [id: 0x33980454, L:/127.0.0.1:63786 - R:localhost/127.0.0.1:56384] for POST '/session/56cfb3fe269e9944e89038a7668c5403/element'
03:50:09.529 [AsyncHttpClient-1-2] DEBUG org.asynchttpclient.netty.handler.HttpHandler - 

Request DefaultHttpRequest(decodeResult: success, version: HTTP/1.1)
POST /session/56cfb3fe269e9944e89038a7668c5403/element HTTP/1.1
User-Agent: selenium/4.1.2 (java windows)
Content-Length: 72
Content-Type: application/json; charset=utf-8
host: localhost:56384
accept: */*

Response DefaultHttpResponse(decodeResult: success, version: HTTP/1.1)
HTTP/1.1 200 OK
Content-Type: application/json; charset=utf-8
cache-control: no-cache
content-length: 88

03:50:09.529 [AsyncHttpClient-1-2] DEBUG org.asynchttpclient.netty.channel.ChannelManager - Adding key: http://localhost:56384 for channel [id: 0x33980454, L:/127.0.0.1:63786 - R:localhost/127.0.0.1:56384]
03:50:09.533 [Forwarding getElementTagName on session 56cfb3fe269e9944e89038a7668c5403 to remote] DEBUG org.asynchttpclient.netty.request.NettyRequestSender - Using pooled Channel '[id: 0x33980454, L:/127.0.0.1:63786 - R:localhost/127.0.0.1:56384]' for 'GET' to 'http://localhost:56384/session/56cfb3fe269e9944e89038a7668c5403/element/f12d5c19-612b-4ab8-b8cc-e502e49f0a07/name'
03:50:09.533 [Forwarding getElementTagName on session 56cfb3fe269e9944e89038a7668c5403 to remote] DEBUG org.asynchttpclient.netty.request.NettyRequestSender - Using open Channel [id: 0x33980454, L:/127.0.0.1:63786 - R:localhost/127.0.0.1:56384] for GET '/session/56cfb3fe269e9944e89038a7668c5403/element/f12d5c19-612b-4ab8-b8cc-e502e49f0a07/name'
03:50:09.547 [AsyncHttpClient-1-2] DEBUG org.asynchttpclient.netty.handler.HttpHandler - 

Request DefaultFullHttpRequest(decodeResult: success, version: HTTP/1.1, content: EmptyByteBufBE)
GET /session/56cfb3fe269e9944e89038a7668c5403/element/f12d5c19-612b-4ab8-b8cc-e502e49f0a07/name HTTP/1.1
User-Agent: selenium/4.1.2 (java windows)
Cache-Control: no-cache
Content-Type: application/json; charset=utf-8
host: localhost:56384
accept: */*

Response DefaultHttpResponse(decodeResult: success, version: HTTP/1.1)
HTTP/1.1 200 OK
Content-Type: application/json; charset=utf-8
cache-control: no-cache
content-length: 17

03:50:09.548 [AsyncHttpClient-1-2] DEBUG org.asynchttpclient.netty.channel.ChannelManager - Adding key: http://localhost:56384 for channel [id: 0x33980454, L:/127.0.0.1:63786 - R:localhost/127.0.0.1:56384]
03:50:09.551 [Forwarding getElementTagName on session 56cfb3fe269e9944e89038a7668c5403 to remote] DEBUG org.asynchttpclient.netty.request.NettyRequestSender - Using pooled Channel '[id: 0x33980454, L:/127.0.0.1:63786 - R:localhost/127.0.0.1:56384]' for 'GET' to 'http://localhost:56384/session/56cfb3fe269e9944e89038a7668c5403/element/f12d5c19-612b-4ab8-b8cc-e502e49f0a07/name'
03:50:09.552 [Forwarding getElementTagName on session 56cfb3fe269e9944e89038a7668c5403 to remote] DEBUG org.asynchttpclient.netty.request.NettyRequestSender - Using open Channel [id: 0x33980454, L:/127.0.0.1:63786 - R:localhost/127.0.0.1:56384] for GET '/session/56cfb3fe269e9944e89038a7668c5403/element/f12d5c19-612b-4ab8-b8cc-e502e49f0a07/name'
03:50:09.568 [AsyncHttpClient-1-2] DEBUG org.asynchttpclient.netty.handler.HttpHandler - 

Request DefaultFullHttpRequest(decodeResult: success, version: HTTP/1.1, content: EmptyByteBufBE)
GET /session/56cfb3fe269e9944e89038a7668c5403/element/f12d5c19-612b-4ab8-b8cc-e502e49f0a07/name HTTP/1.1
User-Agent: selenium/4.1.2 (java windows)
Cache-Control: no-cache
Content-Type: application/json; charset=utf-8
host: localhost:56384
accept: */*

Response DefaultHttpResponse(decodeResult: success, version: HTTP/1.1)
HTTP/1.1 200 OK
Content-Type: application/json; charset=utf-8
cache-control: no-cache
content-length: 17

03:50:09.569 [AsyncHttpClient-1-2] DEBUG org.asynchttpclient.netty.channel.ChannelManager - Adding key: http://localhost:56384 for channel [id: 0x33980454, L:/127.0.0.1:63786 - R:localhost/127.0.0.1:56384]
03:50:09.576 [Forwarding isElementEnabled on session 56cfb3fe269e9944e89038a7668c5403 to remote] DEBUG org.asynchttpclient.netty.request.NettyRequestSender - Using pooled Channel '[id: 0x33980454, L:/127.0.0.1:63786 - R:localhost/127.0.0.1:56384]' for 'GET' to 'http://localhost:56384/session/56cfb3fe269e9944e89038a7668c5403/element/f12d5c19-612b-4ab8-b8cc-e502e49f0a07/enabled'
03:50:09.576 [Forwarding isElementEnabled on session 56cfb3fe269e9944e89038a7668c5403 to remote] DEBUG org.asynchttpclient.netty.request.NettyRequestSender - Using open Channel [id: 0x33980454, L:/127.0.0.1:63786 - R:localhost/127.0.0.1:56384] for GET '/session/56cfb3fe269e9944e89038a7668c5403/element/f12d5c19-612b-4ab8-b8cc-e502e49f0a07/enabled'
03:50:09.621 [AsyncHttpClient-1-2] DEBUG org.asynchttpclient.netty.handler.HttpHandler - 

Request DefaultFullHttpRequest(decodeResult: success, version: HTTP/1.1, content: EmptyByteBufBE)
GET /session/56cfb3fe269e9944e89038a7668c5403/element/f12d5c19-612b-4ab8-b8cc-e502e49f0a07/enabled HTTP/1.1
User-Agent: selenium/4.1.2 (java windows)
Cache-Control: no-cache
Content-Type: application/json; charset=utf-8
host: localhost:56384
accept: */*

Response DefaultHttpResponse(decodeResult: success, version: HTTP/1.1)
HTTP/1.1 200 OK
Content-Type: application/json; charset=utf-8
cache-control: no-cache
content-length: 14

03:50:09.622 [AsyncHttpClient-1-2] DEBUG org.asynchttpclient.netty.channel.ChannelManager - Adding key: http://localhost:56384 for channel [id: 0x33980454, L:/127.0.0.1:63786 - R:localhost/127.0.0.1:56384]
03:50:09.625 [Forwarding isElementEnabled on session 56cfb3fe269e9944e89038a7668c5403 to remote] DEBUG org.asynchttpclient.netty.request.NettyRequestSender - Using pooled Channel '[id: 0x33980454, L:/127.0.0.1:63786 - R:localhost/127.0.0.1:56384]' for 'GET' to 'http://localhost:56384/session/56cfb3fe269e9944e89038a7668c5403/element/f12d5c19-612b-4ab8-b8cc-e502e49f0a07/enabled'
03:50:09.625 [Forwarding isElementEnabled on session 56cfb3fe269e9944e89038a7668c5403 to remote] DEBUG org.asynchttpclient.netty.request.NettyRequestSender - Using open Channel [id: 0x33980454, L:/127.0.0.1:63786 - R:localhost/127.0.0.1:56384] for GET '/session/56cfb3fe269e9944e89038a7668c5403/element/f12d5c19-612b-4ab8-b8cc-e502e49f0a07/enabled'
03:50:09.633 [AsyncHttpClient-1-2] DEBUG org.asynchttpclient.netty.handler.HttpHandler - 

Request DefaultFullHttpRequest(decodeResult: success, version: HTTP/1.1, content: EmptyByteBufBE)
GET /session/56cfb3fe269e9944e89038a7668c5403/element/f12d5c19-612b-4ab8-b8cc-e502e49f0a07/enabled HTTP/1.1
User-Agent: selenium/4.1.2 (java windows)
Cache-Control: no-cache
Content-Type: application/json; charset=utf-8
host: localhost:56384
accept: */*

Response DefaultHttpResponse(decodeResult: success, version: HTTP/1.1)
HTTP/1.1 200 OK
Content-Type: application/json; charset=utf-8
cache-control: no-cache
content-length: 14

03:50:09.634 [AsyncHttpClient-1-2] DEBUG org.asynchttpclient.netty.channel.ChannelManager - Adding key: http://localhost:56384 for channel [id: 0x33980454, L:/127.0.0.1:63786 - R:localhost/127.0.0.1:56384]
03:50:09.638 [Forwarding findElement on session 56cfb3fe269e9944e89038a7668c5403 to remote] DEBUG org.asynchttpclient.netty.request.NettyRequestSender - Using pooled Channel '[id: 0x33980454, L:/127.0.0.1:63786 - R:localhost/127.0.0.1:56384]' for 'POST' to 'http://localhost:56384/session/56cfb3fe269e9944e89038a7668c5403/element'
03:50:09.639 [Forwarding findElement on session 56cfb3fe269e9944e89038a7668c5403 to remote] DEBUG org.asynchttpclient.netty.request.NettyRequestSender - Using open Channel [id: 0x33980454, L:/127.0.0.1:63786 - R:localhost/127.0.0.1:56384] for POST '/session/56cfb3fe269e9944e89038a7668c5403/element'
03:50:09.650 [AsyncHttpClient-1-2] DEBUG org.asynchttpclient.netty.handler.HttpHandler - 

Request DefaultHttpRequest(decodeResult: success, version: HTTP/1.1)
POST /session/56cfb3fe269e9944e89038a7668c5403/element HTTP/1.1
User-Agent: selenium/4.1.2 (java windows)
Content-Length: 72
Content-Type: application/json; charset=utf-8
host: localhost:56384
accept: */*

Response DefaultHttpResponse(decodeResult: success, version: HTTP/1.1)
HTTP/1.1 200 OK
Content-Type: application/json; charset=utf-8
cache-control: no-cache
content-length: 88

03:50:09.650 [AsyncHttpClient-1-2] DEBUG org.asynchttpclient.netty.channel.ChannelManager - Adding key: http://localhost:56384 for channel [id: 0x33980454, L:/127.0.0.1:63786 - R:localhost/127.0.0.1:56384]
03:50:09.653 [Forwarding clickElement on session 56cfb3fe269e9944e89038a7668c5403 to remote] DEBUG org.asynchttpclient.netty.request.NettyRequestSender - Using pooled Channel '[id: 0x33980454, L:/127.0.0.1:63786 - R:localhost/127.0.0.1:56384]' for 'POST' to 'http://localhost:56384/session/56cfb3fe269e9944e89038a7668c5403/element/f12d5c19-612b-4ab8-b8cc-e502e49f0a07/click'
03:50:09.653 [Forwarding clickElement on session 56cfb3fe269e9944e89038a7668c5403 to remote] DEBUG org.asynchttpclient.netty.request.NettyRequestSender - Using open Channel [id: 0x33980454, L:/127.0.0.1:63786 - R:localhost/127.0.0.1:56384] for POST '/session/56cfb3fe269e9944e89038a7668c5403/element/f12d5c19-612b-4ab8-b8cc-e502e49f0a07/click'
03:50:09.728 [AsyncHttpClient-1-2] DEBUG org.asynchttpclient.netty.handler.HttpHandler - 

Request DefaultHttpRequest(decodeResult: success, version: HTTP/1.1)
POST /session/56cfb3fe269e9944e89038a7668c5403/element/f12d5c19-612b-4ab8-b8cc-e502e49f0a07/click HTTP/1.1
User-Agent: selenium/4.1.2 (java windows)
Content-Length: 50
Content-Type: application/json; charset=utf-8
host: localhost:56384
accept: */*

Response DefaultHttpResponse(decodeResult: success, version: HTTP/1.1)
HTTP/1.1 200 OK
Content-Type: application/json; charset=utf-8
cache-control: no-cache
content-length: 14

03:50:09.729 [AsyncHttpClient-1-2] DEBUG org.asynchttpclient.netty.channel.ChannelManager - Adding key: http://localhost:56384 for channel [id: 0x33980454, L:/127.0.0.1:63786 - R:localhost/127.0.0.1:56384]
  &amp#27;[32mAnd &amp#27;[0m&amp#27;[32mi choose my employment status&amp#27;[0m                                                           &amp#27;[90m# starter.stepdefinitions.registration.iChooseMyEmploymentStatus()&amp#27;[0m
03:50:09.741 [Forwarding screenshot on session 56cfb3fe269e9944e89038a7668c5403 to remote] DEBUG org.asynchttpclient.netty.request.NettyRequestSender - Using pooled Channel '[id: 0x33980454, L:/127.0.0.1:63786 - R:localhost/127.0.0.1:56384]' for 'GET' to 'http://localhost:56384/session/56cfb3fe269e9944e89038a7668c5403/screenshot'
03:50:09.741 [Forwarding screenshot on session 56cfb3fe269e9944e89038a7668c5403 to remote] DEBUG org.asynchttpclient.netty.request.NettyRequestSender - Using open Channel [id: 0x33980454, L:/127.0.0.1:63786 - R:localhost/127.0.0.1:56384] for GET '/session/56cfb3fe269e9944e89038a7668c5403/screenshot'
03:50:09.917 [AsyncHttpClient-1-1] DEBUG org.asynchttpclient.netty.channel.DefaultChannelPool - Entry count for : http://localhost:63788 : 1
03:50:09.964 [AsyncHttpClient-1-2] DEBUG org.asynchttpclient.netty.handler.HttpHandler - 

Request DefaultFullHttpRequest(decodeResult: success, version: HTTP/1.1, content: EmptyByteBufBE)
GET /session/56cfb3fe269e9944e89038a7668c5403/screenshot HTTP/1.1
User-Agent: selenium/4.1.2 (java windows)
Cache-Control: no-cache
Content-Type: application/json; charset=utf-8
host: localhost:56384
accept: */*

Response DefaultHttpResponse(decodeResult: success, version: HTTP/1.1)
HTTP/1.1 200 OK
Content-Type: application/json; charset=utf-8
cache-control: no-cache
content-length: 123616

[...]
03:50:10.324 [Forwarding getElementTagName on session 56cfb3fe269e9944e89038a7668c5403 to remote] DEBUG org.asynchttpclient.netty.request.NettyRequestSender - Using pooled Channel '[id: 0x33980454, L:/127.0.0.1:63786 - R:localhost/127.0.0.1:56384]' for 'GET' to 'http://localhost:56384/session/56cfb3fe269e9944e89038a7668c5403/element/29f48f06-5610-4b96-b4f5-bedb0557d632/name'
03:50:10.324 [Forwarding getElementTagName on session 56cfb3fe269e9944e89038a7668c5403 to remote] DEBUG org.asynchttpclient.netty.request.NettyRequestSender - Using open Channel [id: 0x33980454, L:/127.0.0.1:63786 - R:localhost/127.0.0.1:56384] for GET '/session/56cfb3fe269e9944e89038a7668c5403/element/29f48f06-5610-4b96-b4f5-bedb0557d632/name'
03:50:10.329 [AsyncHttpClient-1-2] DEBUG org.asynchttpclient.netty.handler.HttpHandler - 

Request DefaultFullHttpRequest(decodeResult: success, version: HTTP/1.1, content: EmptyByteBufBE)
GET /session/56cfb3fe269e9944e89038a7668c5403/element/29f48f06-5610-4b96-b4f5-bedb0557d632/name HTTP/1.1
User-Agent: selenium/4.1.2 (java windows)
Cache-Control: no-cache
Content-Type: application/json; charset=utf-8
host: localhost:56384
accept: */*

Response DefaultHttpResponse(decodeResult: success, version: HTTP/1.1)
HTTP/1.1 200 OK
Content-Type: application/json; charset=utf-8
cache-control: no-cache
content-length: 17

03:50:10.329 [AsyncHttpClient-1-2] DEBUG org.asynchttpclient.netty.channel.ChannelManager - Adding key: http://localhost:56384 for channel [id: 0x33980454, L:/127.0.0.1:63786 - R:localhost/127.0.0.1:56384]
03:50:10.333 [Forwarding isElementEnabled on session 56cfb3fe269e9944e89038a7668c5403 to remote] DEBUG org.asynchttpclient.netty.request.NettyRequestSender - Using pooled Channel '[id: 0x33980454, L:/127.0.0.1:63786 - R:localhost/127.0.0.1:56384]' for 'GET' to 'http://localhost:56384/session/56cfb3fe269e9944e89038a7668c5403/element/29f48f06-5610-4b96-b4f5-bedb0557d632/enabled'
03:50:10.333 [Forwarding isElementEnabled on session 56cfb3fe269e9944e89038a7668c5403 to remote] DEBUG org.asynchttpclient.netty.request.NettyRequestSender - Using open Channel [id: 0x33980454, L:/127.0.0.1:63786 - R:localhost/127.0.0.1:56384] for GET '/session/56cfb3fe269e9944e89038a7668c5403/element/29f48f06-5610-4b96-b4f5-bedb0557d632/enabled'
03:50:10.342 [AsyncHttpClient-1-2] DEBUG org.asynchttpclient.netty.handler.HttpHandler - 

Request DefaultFullHttpRequest(decodeResult: success, version: HTTP/1.1, content: EmptyByteBufBE)
GET /session/56cfb3fe269e9944e89038a7668c5403/element/29f48f06-5610-4b96-b4f5-bedb0557d632/enabled HTTP/1.1
User-Agent: selenium/4.1.2 (java windows)
Cache-Control: no-cache
Content-Type: application/json; charset=utf-8
host: localhost:56384
accept: */*

Response DefaultHttpResponse(decodeResult: success, version: HTTP/1.1)
HTTP/1.1 200 OK
Content-Type: application/json; charset=utf-8
cache-control: no-cache
content-length: 14

03:50:10.342 [AsyncHttpClient-1-2] DEBUG org.asynchttpclient.netty.channel.ChannelManager - Adding key: http://localhost:56384 for channel [id: 0x33980454, L:/127.0.0.1:63786 - R:localhost/127.0.0.1:56384]
03:50:10.345 [Forwarding isElementEnabled on session 56cfb3fe269e9944e89038a7668c5403 to remote] DEBUG org.asynchttpclient.netty.request.NettyRequestSender - Using pooled Channel '[id: 0x33980454, L:/127.0.0.1:63786 - R:localhost/127.0.0.1:56384]' for 'GET' to 'http://localhost:56384/session/56cfb3fe269e9944e89038a7668c5403/element/29f48f06-5610-4b96-b4f5-bedb0557d632/enabled'
03:50:10.345 [Forwarding isElementEnabled on session 56cfb3fe269e9944e89038a7668c5403 to remote] DEBUG org.asynchttpclient.netty.request.NettyRequestSender - Using open Channel [id: 0x33980454, L:/127.0.0.1:63786 - R:localhost/127.0.0.1:56384] for GET '/session/56cfb3fe269e9944e89038a7668c5403/element/29f48f06-5610-4b96-b4f5-bedb0557d632/enabled'
03:50:10.351 [AsyncHttpClient-1-2] DEBUG org.asynchttpclient.netty.handler.HttpHandler - 

Request DefaultFullHttpRequest(decodeResult: success, version: HTTP/1.1, content: EmptyByteBufBE)
GET /session/56cfb3fe269e9944e89038a7668c5403/element/29f48f06-5610-4b96-b4f5-bedb0557d632/enabled HTTP/1.1
User-Agent: selenium/4.1.2 (java windows)
Cache-Control: no-cache
Content-Type: application/json; charset=utf-8
host: localhost:56384
accept: */*

Response DefaultHttpResponse(decodeResult: success, version: HTTP/1.1)
HTTP/1.1 200 OK
Content-Type: application/json; charset=utf-8
cache-control: no-cache
content-length: 14

03:50:10.351 [AsyncHttpClient-1-2] DEBUG org.asynchttpclient.netty.channel.ChannelManager - Adding key: http://localhost:56384 for channel [id: 0x33980454, L:/127.0.0.1:63786 - R:localhost/127.0.0.1:56384]
03:50:10.354 [Forwarding findElement on session 56cfb3fe269e9944e89038a7668c5403 to remote] DEBUG org.asynchttpclient.netty.request.NettyRequestSender - Using pooled Channel '[id: 0x33980454, L:/127.0.0.1:63786 - R:localhost/127.0.0.1:56384]' for 'POST' to 'http://localhost:56384/session/56cfb3fe269e9944e89038a7668c5403/element'
03:50:10.354 [Forwarding findElement on session 56cfb3fe269e9944e89038a7668c5403 to remote] DEBUG org.asynchttpclient.netty.request.NettyRequestSender - Using open Channel [id: 0x33980454, L:/127.0.0.1:63786 - R:localhost/127.0.0.1:56384] for POST '/session/56cfb3fe269e9944e89038a7668c5403/element'
03:50:10.361 [AsyncHttpClient-1-2] DEBUG org.asynchttpclient.netty.handler.HttpHandler - 

Request DefaultHttpRequest(decodeResult: success, version: HTTP/1.1)
POST /session/56cfb3fe269e9944e89038a7668c5403/element HTTP/1.1
User-Agent: selenium/4.1.2 (java windows)
Content-Length: 70
Content-Type: application/json; charset=utf-8
host: localhost:56384
accept: */*

Response DefaultHttpResponse(decodeResult: success, version: HTTP/1.1)
HTTP/1.1 200 OK
Content-Type: application/json; charset=utf-8
cache-control: no-cache
content-length: 88

03:50:10.362 [AsyncHttpClient-1-2] DEBUG org.asynchttpclient.netty.channel.ChannelManager - Adding key: http://localhost:56384 for channel [id: 0x33980454, L:/127.0.0.1:63786 - R:localhost/127.0.0.1:56384]
03:50:10.364 [Forwarding clickElement on session 56cfb3fe269e9944e89038a7668c5403 to remote] DEBUG org.asynchttpclient.netty.request.NettyRequestSender - Using pooled Channel '[id: 0x33980454, L:/127.0.0.1:63786 - R:localhost/127.0.0.1:56384]' for 'POST' to 'http://localhost:56384/session/56cfb3fe269e9944e89038a7668c5403/element/29f48f06-5610-4b96-b4f5-bedb0557d632/click'
03:50:10.364 [Forwarding clickElement on session 56cfb3fe269e9944e89038a7668c5403 to remote] DEBUG org.asynchttpclient.netty.request.NettyRequestSender - Using open Channel [id: 0x33980454, L:/127.0.0.1:63786 - R:localhost/127.0.0.1:56384] for POST '/session/56cfb3fe269e9944e89038a7668c5403/element/29f48f06-5610-4b96-b4f5-bedb0557d632/click'
03:50:10.416 [AsyncHttpClient-1-2] DEBUG org.asynchttpclient.netty.handler.HttpHandler - 

Request DefaultHttpRequest(decodeResult: success, version: HTTP/1.1)
POST /session/56cfb3fe269e9944e89038a7668c5403/element/29f48f06-5610-4b96-b4f5-bedb0557d632/click HTTP/1.1
User-Agent: selenium/4.1.2 (java windows)
Content-Length: 50
Content-Type: application/json; charset=utf-8
host: localhost:56384
accept: */*

Response DefaultHttpResponse(decodeResult: success, version: HTTP/1.1)
HTTP/1.1 200 OK
Content-Type: application/json; charset=utf-8
cache-control: no-cache
content-length: 14

03:50:10.416 [AsyncHttpClient-1-2] DEBUG org.asynchttpclient.netty.channel.ChannelManager - Adding key: http://localhost:56384 for channel [id: 0x33980454, L:/127.0.0.1:63786 - R:localhost/127.0.0.1:56384]
03:50:10.420 [Forwarding findElement on session 56cfb3fe269e9944e89038a7668c5403 to remote] DEBUG org.asynchttpclient.netty.request.NettyRequestSender - Using pooled Channel '[id: 0x33980454, L:/127.0.0.1:63786 - R:localhost/127.0.0.1:56384]' for 'POST' to 'http://localhost:56384/session/56cfb3fe269e9944e89038a7668c5403/element'
03:50:10.421 [Forwarding findElement on session 56cfb3fe269e9944e89038a7668c5403 to remote] DEBUG org.asynchttpclient.netty.request.NettyRequestSender - Using open Channel [id: 0x33980454, L:/127.0.0.1:63786 - R:localhost/127.0.0.1:56384] for POST '/session/56cfb3fe269e9944e89038a7668c5403/element'
03:50:10.437 [AsyncHttpClient-1-2] DEBUG org.asynchttpclient.netty.handler.HttpHandler - 

Request DefaultHttpRequest(decodeResult: success, version: HTTP/1.1)
POST /session/56cfb3fe269e9944e89038a7668c5403/element HTTP/1.1
User-Agent: selenium/4.1.2 (java windows)
Content-Length: 74
Content-Type: application/json; charset=utf-8
host: localhost:56384
accept: */*

Response DefaultHttpResponse(decodeResult: success, version: HTTP/1.1)
HTTP/1.1 200 OK
Content-Type: application/json; charset=utf-8
cache-control: no-cache
content-length: 88

03:50:10.438 [AsyncHttpClient-1-2] DEBUG org.asynchttpclient.netty.channel.ChannelManager - Adding key: http://localhost:56384 for channel [id: 0x33980454, L:/127.0.0.1:63786 - R:localhost/127.0.0.1:56384]
03:50:10.440 [Forwarding getElementText on session 56cfb3fe269e9944e89038a7668c5403 to remote] DEBUG org.asynchttpclient.netty.request.NettyRequestSender - Using pooled Channel '[id: 0x33980454, L:/127.0.0.1:63786 - R:localhost/127.0.0.1:56384]' for 'GET' to 'http://localhost:56384/session/56cfb3fe269e9944e89038a7668c5403/element/585d2042-012b-4e00-9adb-cfb7bcc8bc3b/text'
03:50:10.440 [Forwarding getElementText on session 56cfb3fe269e9944e89038a7668c5403 to remote] DEBUG org.asynchttpclient.netty.request.NettyRequestSender - Using open Channel [id: 0x33980454, L:/127.0.0.1:63786 - R:localhost/127.0.0.1:56384] for GET '/session/56cfb3fe269e9944e89038a7668c5403/element/585d2042-012b-4e00-9adb-cfb7bcc8bc3b/text'
03:50:10.456 [AsyncHttpClient-1-2] DEBUG org.asynchttpclient.netty.handler.HttpHandler - 

Request DefaultFullHttpRequest(decodeResult: success, version: HTTP/1.1, content: EmptyByteBufBE)
GET /session/56cfb3fe269e9944e89038a7668c5403/element/585d2042-012b-4e00-9adb-cfb7bcc8bc3b/text HTTP/1.1
User-Agent: selenium/4.1.2 (java windows)
Cache-Control: no-cache
Content-Type: application/json; charset=utf-8
host: localhost:56384
accept: */*

Response DefaultHttpResponse(decodeResult: success, version: HTTP/1.1)
HTTP/1.1 200 OK
Content-Type: application/json; charset=utf-8
cache-control: no-cache
content-length: 20

03:50:10.456 [AsyncHttpClient-1-2] DEBUG org.asynchttpclient.netty.channel.ChannelManager - Adding key: http://localhost:56384 for channel [id: 0x33980454, L:/127.0.0.1:63786 - R:localhost/127.0.0.1:56384]
  &amp#27;[32mThen &amp#27;[0m&amp#27;[32mi click submit button and get my &amp#27;[0m&amp#27;[32m&amp#27;[1m"Success! The Form has been submitted successfully!."&amp#27;[0m &amp#27;[90m# starter.stepdefinitions.registration.iClickSubmitButtonAndGetMy(java.lang.String)&amp#27;[0m
03:50:10.466 [Forwarding screenshot on session 56cfb3fe269e9944e89038a7668c5403 to remote] DEBUG org.asynchttpclient.netty.request.NettyRequestSender - Using pooled Channel '[id: 0x33980454, L:/127.0.0.1:63786 - R:localhost/127.0.0.1:56384]' for 'GET' to 'http://localhost:56384/session/56cfb3fe269e9944e89038a7668c5403/screenshot'
03:50:10.466 [Forwarding screenshot on session 56cfb3fe269e9944e89038a7668c5403 to remote] DEBUG org.asynchttpclient.netty.request.NettyRequestSender - Using open Channel [id: 0x33980454, L:/127.0.0.1:63786 - R:localhost/127.0.0.1:56384] for GET '/session/56cfb3fe269e9944e89038a7668c5403/screenshot'
03:50:10.660 [AsyncHttpClient-1-2] DEBUG org.asynchttpclient.netty.handler.HttpHandler - 

Request DefaultFullHttpRequest(decodeResult: success, version: HTTP/1.1, content: EmptyByteBufBE)
GET /session/56cfb3fe269e9944e89038a7668c5403/screenshot HTTP/1.1
User-Agent: selenium/4.1.2 (java windows)
Cache-Control: no-cache
Content-Type: application/json; charset=utf-8
host: localhost:56384
accept: */*

Response DefaultHttpResponse(decodeResult: success, version: HTTP/1.1)
HTTP/1.1 200 OK
Content-Type: application/json; charset=utf-8
cache-control: no-cache
content-length: 69576

03:50:10.661 [AsyncHttpClient-1-2] DEBUG org.asynchttpclient.netty.channel.ChannelManager - Adding key: http://localhost:56384 for channel [id: 0x33980454, L:/127.0.0.1:63786 - R:localhost/127.0.0.1:56384]
03:50:10.665 [main] DEBUG net.serenitybdd.core.photography.Darkroom - Send negative for processing for target\site\serenity\9ec87816ae42661d6811bbee055862436ad31facde4118c2485b1d611d016292.png
03:50:10.666 [Darkroom Processing Line] DEBUG net.serenitybdd.core.photography.DarkroomProcessingLine - Processing screenshot image in /var/screenshots/screenshot-12872876292282499625
03:50:10.666 [Darkroom Processing Line] DEBUG net.serenitybdd.core.photography.DarkroomProcessingLine - Saving screenshot to target\site\serenity\9ec87816ae42661d6811bbee055862436ad31facde4118c2485b1d611d016292.png
03:50:10.788 [Driver Command Executor] DEBUG org.asynchttpclient.netty.request.NettyRequestSender - Using pooled Channel '[id: 0x33980454, L:/127.0.0.1:63786 - R:localhost/127.0.0.1:56384]' for 'DELETE' to 'http://localhost:56384/session/56cfb3fe269e9944e89038a7668c5403'
03:50:10.789 [Driver Command Executor] DEBUG org.asynchttpclient.netty.request.NettyRequestSender - Using open Channel [id: 0x33980454, L:/127.0.0.1:63786 - R:localhost/127.0.0.1:56384] for DELETE '/session/56cfb3fe269e9944e89038a7668c5403'
03:50:10.790 [AsyncHttpClient-1-4] DEBUG org.asynchttpclient.netty.handler.WebSocketHandler - Channel Closed: [id: 0x0f55a425, L:/127.0.0.1:63797 ! R:localhost/127.0.0.1:63788] with attribute NettyResponseFuture{currentRetry=5,
	isDone=1,
	isCancelled=0,
	asyncHandler=org.asynchttpclient.ws.WebSocketUpgradeHandler@491b9ad4,
	nettyRequest=org.asynchttpclient.netty.request.NettyRequest@3b4654e,
	future=java.util.concurrent.CompletableFuture@6a0d33ec[Completed normally],
	uri=ws://localhost:63788/devtools/browser/37e645e8-2129-4533-ac87-12c670e161a1,
	keepAlive=true,
	redirectCount=0,
	timeoutsHolder=null,
	inAuth=0,
	touch=1658091002441}
03:50:10.791 [AsyncHttpClient-1-4] DEBUG org.asynchttpclient.netty.channel.ChannelManager - Closing Channel [id: 0x0f55a425, L:/127.0.0.1:63797 ! R:localhost/127.0.0.1:63788] 
03:50:10.830 [AsyncHttpClient-1-3] DEBUG org.asynchttpclient.netty.handler.HttpHandler - Unexpected I/O exception on channel [id: 0x8638c74c, L:/127.0.0.1:63796 - R:localhost/127.0.0.1:63788]
java.net.SocketException: Connection reset
	at java.base/sun.nio.ch.SocketChannelImpl.throwConnectionReset(SocketChannelImpl.java:367)
	at java.base/sun.nio.ch.SocketChannelImpl.read(SocketChannelImpl.java:398)
	at io.netty.buffer.PooledByteBuf.setBytes(PooledByteBuf.java:258)
	at io.netty.buffer.AbstractByteBuf.writeBytes(AbstractByteBuf.java:1132)
	at io.netty.channel.socket.nio.NioSocketChannel.doReadBytes(NioSocketChannel.java:350)
	at io.netty.channel.nio.AbstractNioByteChannel$NioByteUnsafe.read(AbstractNioByteChannel.java:151)
	at io.netty.channel.nio.NioEventLoop.processSelectedKey(NioEventLoop.java:722)
	at io.netty.channel.nio.NioEventLoop.processSelectedKeysOptimized(NioEventLoop.java:658)
	at io.netty.channel.nio.NioEventLoop.processSelectedKeys(NioEventLoop.java:584)
	at io.netty.channel.nio.NioEventLoop.run(NioEventLoop.java:496)
	at io.netty.util.concurrent.SingleThreadEventExecutor$4.run(SingleThreadEventExecutor.java:986)
	at io.netty.util.internal.ThreadExecutorMap$2.run(ThreadExecutorMap.java:74)
	at io.netty.util.concurrent.FastThreadLocalRunnable.run(FastThreadLocalRunnable.java:30)
	at java.base/java.lang.Thread.run(Thread.java:832)
03:50:10.831 [AsyncHttpClient-1-3] DEBUG org.asynchttpclient.netty.channel.ChannelManager - Closing Channel [id: 0x8638c74c, L:/127.0.0.1:63796 - R:localhost/127.0.0.1:63788] 
03:50:10.834 [AsyncHttpClient-1-3] DEBUG org.asynchttpclient.netty.handler.HttpHandler - Channel Closed: [id: 0x8638c74c, L:/127.0.0.1:63796 ! R:localhost/127.0.0.1:63788] with attribute DISCARD
03:50:10.854 [AsyncHttpClient-1-2] DEBUG org.asynchttpclient.netty.handler.HttpHandler - 

Request DefaultFullHttpRequest(decodeResult: success, version: HTTP/1.1, content: EmptyByteBufBE)
DELETE /session/56cfb3fe269e9944e89038a7668c5403 HTTP/1.1
User-Agent: selenium/4.1.2 (java windows)
Content-Type: application/json; charset=utf-8
host: localhost:56384
accept: */*

Response DefaultHttpResponse(decodeResult: success, version: HTTP/1.1)
HTTP/1.1 200 OK
Content-Type: application/json; charset=utf-8
cache-control: no-cache
content-length: 14

03:50:10.854 [AsyncHttpClient-1-2] DEBUG org.asynchttpclient.netty.channel.ChannelManager - Adding key: http://localhost:56384 for channel [id: 0x33980454, L:/127.0.0.1:63786 - R:localhost/127.0.0.1:56384]
03:50:10.966 [AsyncHttpClient-1-2] DEBUG org.asynchttpclient.netty.handler.HttpHandler - Channel Closed: [id: 0x33980454, L:/127.0.0.1:63786 ! R:localhost/127.0.0.1:56384] with attribute DISCARD
03:50:11.012 [AsyncHttpClient-1-1] DEBUG org.asynchttpclient.netty.channel.DefaultChannelPool - Entry count for : http://localhost:56384 : 1
03:50:11.012 [AsyncHttpClient-1-1] DEBUG org.asynchttpclient.netty.channel.DefaultChannelPool - Entry count for : http://localhost:63788 : 1
03:50:11.012 [AsyncHttpClient-1-1] DEBUG org.asynchttpclient.netty.channel.DefaultChannelPool - Adding Candidate expired Channel [id: 0x33980454, L:/127.0.0.1:63786 ! R:localhost/127.0.0.1:56384] isIdleTimeoutExpired=false isRemotelyClosed=true isTtlExpired=false
03:50:11.012 [AsyncHttpClient-1-1] DEBUG org.asynchttpclient.netty.channel.DefaultChannelPool - Closing Idle Channel [id: 0x33980454, L:/127.0.0.1:63786 ! R:localhost/127.0.0.1:56384]
03:50:11.012 [AsyncHttpClient-1-1] DEBUG org.asynchttpclient.netty.channel.DefaultChannelPool - Adding Candidate expired Channel [id: 0x8638c74c, L:/127.0.0.1:63796 ! R:localhost/127.0.0.1:63788] isIdleTimeoutExpired=false isRemotelyClosed=true isTtlExpired=false
03:50:11.012 [AsyncHttpClient-1-1] DEBUG org.asynchttpclient.netty.channel.DefaultChannelPool - Closing Idle Channel [id: 0x8638c74c, L:/127.0.0.1:63796 ! R:localhost/127.0.0.1:63788]
03:50:11.013 [AsyncHttpClient-1-1] DEBUG org.asynchttpclient.netty.channel.DefaultChannelPool - Closed 2 connections out of 2 in 1 ms
03:50:11.484 [main] INFO  - 
  _____   ___   ___   _____     ___     _     ___   ___   ___   ___  
 |_   _| | __| / __| |_   _|   | _ \   /_\   / __| / __| | __| |   \ 
   | |   | _|  \__ \   | |     |  _/  / _ \  \__ \ \__ \ | _|  | |) |
   |_|   |___| |___/   |_|     |_|   /_/ \_\ |___/ |___/ |___| |___/ 

Registration scenario
----------------------------------------------------------------------
]]></system-out>
    <system-err><![CDATA[Starting ChromeDriver 102.0.5005.61 (0e59bcc00cc4985ce39ad31c150065f159d95ad3-refs/branch-heads/5005@{#819}) on port 56384
Only local connections are allowed.
Please see https://chromedriver.chromium.org/security-considerations for suggestions on keeping ChromeDriver safe.
ChromeDriver was started successfully.
[1658091002.163][WARNING]: This version of ChromeDriver has not been tested with Chrome version 103.
Jul 18, 2022 3:50:02 AM org.openqa.selenium.remote.ProtocolHandshake createSession
INFO: Detected dialect: W3C
Jul 18, 2022 3:50:02 AM org.openqa.selenium.devtools.CdpVersionFinder findNearestMatch
WARNING: Unable to find an exact match for CDP version 103, so returning the closest version found: a no-op implementation
Jul 18, 2022 3:50:02 AM org.openqa.selenium.devtools.CdpVersionFinder findNearestMatch
INFO: Unable to find CDP implementation matching 103.
Jul 18, 2022 3:50:02 AM org.openqa.selenium.chromium.ChromiumDriver lambda$new$3
WARNING: Unable to find version of CDP to use for . You may need to include a dependency on a specific version of the CDP using something similar to `org.seleniumhq.selenium:selenium-devtools-v86:4.1.2` where the version ("v86") matches the version of the chromium-based browser you're using and the version number of the artifact is the same as Selenium's.
]]></system-err>
  </testcase>
</testsuite>